The system is: Linux - 3.10.0-957.5.1.el7.x86_64 - x86_64
Compiling the C compiler identification source file "CMakeCCompilerId.c" succeeded.
Compiler: /opt/intel/compilers_and_libraries_2018.2.199/linux/bin/intel64/icc 
Build flags: 
Id flags: 

The output was:
0


Compilation of the C compiler identification source "CMakeCCompilerId.c" produced "a.out"

The C compiler identification is Intel, found in "/work/05780/everett/stampede2/JETSCAPE-COMP-TEST-EBE/external_packages/iS3D/generate_delta_f_coefficients/smash_box/df_vh_dimensionless/build/CMakeFiles/3.7.1/CompilerIdC/a.out"

Compiling the CXX compiler identification source file "CMakeCXXCompilerId.cpp" succeeded.
Compiler: /opt/intel/compilers_and_libraries_2018.2.199/linux/bin/intel64/icpc 
Build flags: 
Id flags: 

The output was:
0


Compilation of the CXX compiler identification source "CMakeCXXCompilerId.cpp" produced "a.out"

The CXX compiler identification is Intel, found in "/work/05780/everett/stampede2/JETSCAPE-COMP-TEST-EBE/external_packages/iS3D/generate_delta_f_coefficients/smash_box/df_vh_dimensionless/build/CMakeFiles/3.7.1/CompilerIdCXX/a.out"

Determining if the C compiler works passed with the following output:
Change Dir: /work/05780/everett/stampede2/JETSCAPE-COMP-TEST-EBE/external_packages/iS3D/generate_delta_f_coefficients/smash_box/df_vh_dimensionless/build/CMakeFiles/CMakeTmp

Run Build Command:"/bin/gmake" "cmTC_f2652/fast"
/bin/gmake -f CMakeFiles/cmTC_f2652.dir/build.make CMakeFiles/cmTC_f2652.dir/build
gmake[1]: Entering directory `/work/05780/everett/stampede2/JETSCAPE-COMP-TEST-EBE/external_packages/iS3D/generate_delta_f_coefficients/smash_box/df_vh_dimensionless/build/CMakeFiles/CMakeTmp'
Building C object CMakeFiles/cmTC_f2652.dir/testCCompiler.c.o
/opt/intel/compilers_and_libraries_2018.2.199/linux/bin/intel64/icc     -o CMakeFiles/cmTC_f2652.dir/testCCompiler.c.o   -c /work/05780/everett/stampede2/JETSCAPE-COMP-TEST-EBE/external_packages/iS3D/generate_delta_f_coefficients/smash_box/df_vh_dimensionless/build/CMakeFiles/CMakeTmp/testCCompiler.c
Linking C executable cmTC_f2652
/opt/apps/cmake/3.7.1/bin/cmake -E cmake_link_script CMakeFiles/cmTC_f2652.dir/link.txt --verbose=1
/opt/intel/compilers_and_libraries_2018.2.199/linux/bin/intel64/icc       CMakeFiles/cmTC_f2652.dir/testCCompiler.c.o  -o cmTC_f2652 -rdynamic 
gmake[1]: Leaving directory `/work/05780/everett/stampede2/JETSCAPE-COMP-TEST-EBE/external_packages/iS3D/generate_delta_f_coefficients/smash_box/df_vh_dimensionless/build/CMakeFiles/CMakeTmp'


Detecting C compiler ABI info compiled with the following output:
Change Dir: /work/05780/everett/stampede2/JETSCAPE-COMP-TEST-EBE/external_packages/iS3D/generate_delta_f_coefficients/smash_box/df_vh_dimensionless/build/CMakeFiles/CMakeTmp

Run Build Command:"/bin/gmake" "cmTC_28ea1/fast"
/bin/gmake -f CMakeFiles/cmTC_28ea1.dir/build.make CMakeFiles/cmTC_28ea1.dir/build
gmake[1]: Entering directory `/work/05780/everett/stampede2/JETSCAPE-COMP-TEST-EBE/external_packages/iS3D/generate_delta_f_coefficients/smash_box/df_vh_dimensionless/build/CMakeFiles/CMakeTmp'
Building C object CMakeFiles/cmTC_28ea1.dir/CMakeCCompilerABI.c.o
/opt/intel/compilers_and_libraries_2018.2.199/linux/bin/intel64/icc     -o CMakeFiles/cmTC_28ea1.dir/CMakeCCompilerABI.c.o   -c /opt/apps/cmake/3.7.1/share/cmake-3.7/Modules/CMakeCCompilerABI.c
Linking C executable cmTC_28ea1
/opt/apps/cmake/3.7.1/bin/cmake -E cmake_link_script CMakeFiles/cmTC_28ea1.dir/link.txt --verbose=1
/opt/intel/compilers_and_libraries_2018.2.199/linux/bin/intel64/icc      -v CMakeFiles/cmTC_28ea1.dir/CMakeCCompilerABI.c.o  -o cmTC_28ea1 -rdynamic  
icc version 18.0.2 (gcc version 6.3.0 compatibility)
/opt/intel/compilers_and_libraries_2018.2.199/linux/bin/intel64/mcpcom    -mGLOB_em64t=TRUE -mP1OPT_version=18.0-intel64 -mGLOB_diag_file=CMakeFiles/cmTC_28ea1.dir/CMakeCCompilerABI.c.diag -mGLOB_long_size_64 -mGLOB_routine_pointer_size_64 -mP1OPT_print_version=FALSE -mCG_use_gas_got_workaround=F -mP2OPT_align_option_used=TRUE -mGLOB_gcc_version=630 "-mGLOB_options_string=-v -o cmTC_28ea1 -rdynamic" -mGLOB_cxx_limited_range=FALSE -mCG_extend_parms=FALSE -mGLOB_compiler_bin_directory=/opt/intel/compilers_and_libraries_2018.2.199/linux/bin/intel64 -mGLOB_as_output_backup_file_name=/tmp/iccIgIX6Ras_.s -mGLOB_dashboard_use_source_name -mIPOPT_activate -mGLOB_product_id_code=0x22006d92 -mP3OPT_use_mspp_call_convention -mP2OPT_subs_out_of_bound=FALSE -mP2OPT_disam_type_based_disam=2 -mP2OPT_disam_assume_ansi_c -mP2OPT_checked_disam_ansi_alias=TRUE -mGLOB_ansi_alias -mPGOPTI_value_profile_use=T -mGLOB_opt_report_use_source_name -mP2OPT_il0_array_sections=TRUE -mGLOB_offload_mode=1 -mP2OPT_offload_unique_var_string=icc2055813640ascjvy -mP2OPT_hlo -mP2OPT_hpo_rtt_control=0 -mIPOPT_args_in_regs=0 -mP2OPT_disam_assume_nonstd_intent_in=FALSE -mGLOB_imf_mapping_library=/opt/intel/compilers_and_libraries_2018.2.199/linux/bin/intel64/libiml_attr.so -mPGOPTI_gen_threadsafe_level=0 -mIPOPT_link -mIPOPT_ipo_activate -mIPOPT_mo_activate -mIPOPT_source_files_list=/tmp/iccslisspjbbn -mIPOPT_mo_global_data -mIPOPT_link_script_file=/tmp/iccscriptqEumux "-mIPOPT_cmdline_link="/lib/../lib64/crt1.o" "/lib/../lib64/crti.o" "/opt/apps/gcc/6.3.0/lib/gcc/x86_64-pc-linux-gnu/6.3.0/crtbegin.o" "-export-dynamic" "--eh-frame-hdr" "--build-id" "-dynamic-linker" "/lib64/ld-linux-x86-64.so.2" "-m" "elf_x86_64" "-o" "cmTC_28ea1" "-L/opt/intel/compilers_and_libraries_2018.2.199/linux/daal/../tbb/lib/intel64_lin/gcc4.4" "-L/opt/intel/compilers_and_libraries_2018.2.199/linux/daal/lib/intel64_lin" "-L/opt/intel/compilers_and_libraries_2018.2.199/linux/tbb/lib/intel64/gcc4.7" "-L/opt/intel/compilers_and_libraries_2018.2.199/linux/mkl/lib/intel64_lin" "-L/opt/intel/compilers_and_libraries_2018.2.199/linux/compiler/lib/intel64_lin" "-L/opt/intel/compilers_and_libraries_2018.2.199/linux/ipp/lib/intel64" "-L/opt/intel/compilers_and_libraries_2018.2.199/linux/compiler/lib/intel64_lin" "-L/opt/apps/gcc/6.3.0/lib/gcc/x86_64-pc-linux-gnu/6.3.0/" "-L/opt/apps/gcc/6.3.0/lib/gcc/x86_64-pc-linux-gnu/6.3.0/../../../../lib64" "-L/opt/apps/gcc/6.3.0/lib/gcc/x86_64-pc-linux-gnu/6.3.0/../../../../lib64/" "-L/lib/../lib64" "-L/lib/../lib64/" "-L/usr/lib/../lib64" "-L/usr/lib/../lib64/" "-L/opt/intel/compilers_and_libraries_2018.2.199/linux/daal/../tbb/lib/intel64_lin/gcc4.4/" "-L/opt/intel/compilers_and_libraries_2018.2.199/linux/daal/lib/intel64_lin/" "-L/opt/intel/compilers_and_libraries_2018.2.199/linux/tbb/lib/intel64/gcc4.7/" "-L/opt/intel/compilers_and_libraries_2018.2.199/linux/mkl/lib/intel64_lin/" "-L/opt/intel/compilers_and_libraries_2018.2.199/linux/compiler/lib/intel64_lin/" "-L/opt/intel/compilers_and_libraries_2018.2.199/linux/ipp/lib/intel64/" "-L/opt/apps/gcc/6.3.0/lib/gcc/x86_64-pc-linux-gnu/6.3.0/../../../../x86_64-pc-linux-gnu/lib/" "-L/opt/apps/gcc/6.3.0/lib/gcc/x86_64-pc-linux-gnu/6.3.0/../../../" "-L/lib64" "-L/lib/" "-L/usr/lib64" "-L/usr/lib" "CMakeFiles/cmTC_28ea1.dir/CMakeCCompilerABI.c.o" "-Bdynamic" "-Bstatic" "-limf" "-lsvml" "-lirng" "-Bdynamic" "-lm" "-Bstatic" "-lipgo" "-ldecimal" "--as-needed" "-Bdynamic" "-lcilkrts" "-lstdc++" "--no-as-needed" "-lgcc" "-lgcc_s" "-Bstatic" "-lirc" "-lsvml" "-Bdynamic" "-lc" "-lgcc" "-lgcc_s" "-Bstatic" "-lirc_s" "-Bdynamic" "-ldl" "-lc" "/opt/apps/gcc/6.3.0/lib/gcc/x86_64-pc-linux-gnu/6.3.0/crtend.o" "/lib/../lib64/crtn.o"" -mIPOPT_il_in_obj -mIPOPT_ipo_activate_warn=FALSE -mIPOPT_obj_output_file_name=/tmp/ipo_iccKgIbkn.o -mIPOPT_whole_archive_fixup_file_name=/tmp/iccwarchoFiB9m -mGLOB_linker_version=2.28 -mGLOB_driver_tempfile_name=/tmp/icctempfileiPVqwx -mP3OPT_asm_target=P3OPT_ASM_TARGET_GAS -mGLOB_async_unwind_tables=TRUE -mGLOB_obj_output_file=/tmp/ipo_iccKgIbkn.o -mGLOB_source_dialect=GLOB_SOURCE_DIALECT_NONE -mP1OPT_source_file_name=ipo_out.c CMakeFiles/cmTC_28ea1.dir/CMakeCCompilerABI.c.o -mIPOPT_object_files=T -mIPOPT_assembly_files=/tmp/iccalisSxKvWH -mIPOPT_generated_tempfiles=/tmp/iccelisCqvFfS -mIPOPT_embedded_object_base_name=/tmp/icceobjo7eQy2 -mIPOPT_cmdline_link_new_name=/tmp/iccllisCEP0Rc
/opt/apps/xalt/xalt/bin/ld    /lib/../lib64/crt1.o /lib/../lib64/crti.o /opt/apps/gcc/6.3.0/lib/gcc/x86_64-pc-linux-gnu/6.3.0/crtbegin.o -export-dynamic --eh-frame-hdr --build-id -dynamic-linker /lib64/ld-linux-x86-64.so.2 -m elf_x86_64 -o cmTC_28ea1 -L/opt/intel/compilers_and_libraries_2018.2.199/linux/daal/../tbb/lib/intel64_lin/gcc4.4 -L/opt/intel/compilers_and_libraries_2018.2.199/linux/daal/lib/intel64_lin -L/opt/intel/compilers_and_libraries_2018.2.199/linux/tbb/lib/intel64/gcc4.7 -L/opt/intel/compilers_and_libraries_2018.2.199/linux/mkl/lib/intel64_lin -L/opt/intel/compilers_and_libraries_2018.2.199/linux/compiler/lib/intel64_lin -L/opt/intel/compilers_and_libraries_2018.2.199/linux/ipp/lib/intel64 -L/opt/intel/compilers_and_libraries_2018.2.199/linux/compiler/lib/intel64_lin -L/opt/apps/gcc/6.3.0/lib/gcc/x86_64-pc-linux-gnu/6.3.0/ -L/opt/apps/gcc/6.3.0/lib/gcc/x86_64-pc-linux-gnu/6.3.0/../../../../lib64 -L/opt/apps/gcc/6.3.0/lib/gcc/x86_64-pc-linux-gnu/6.3.0/../../../../lib64/ -L/lib/../lib64 -L/lib/../lib64/ -L/usr/lib/../lib64 -L/usr/lib/../lib64/ -L/opt/intel/compilers_and_libraries_2018.2.199/linux/daal/../tbb/lib/intel64_lin/gcc4.4/ -L/opt/intel/compilers_and_libraries_2018.2.199/linux/daal/lib/intel64_lin/ -L/opt/intel/compilers_and_libraries_2018.2.199/linux/tbb/lib/intel64/gcc4.7/ -L/opt/intel/compilers_and_libraries_2018.2.199/linux/mkl/lib/intel64_lin/ -L/opt/intel/compilers_and_libraries_2018.2.199/linux/compiler/lib/intel64_lin/ -L/opt/intel/compilers_and_libraries_2018.2.199/linux/ipp/lib/intel64/ -L/opt/apps/gcc/6.3.0/lib/gcc/x86_64-pc-linux-gnu/6.3.0/../../../../x86_64-pc-linux-gnu/lib/ -L/opt/apps/gcc/6.3.0/lib/gcc/x86_64-pc-linux-gnu/6.3.0/../../../ -L/lib64 -L/lib/ -L/usr/lib64 -L/usr/lib CMakeFiles/cmTC_28ea1.dir/CMakeCCompilerABI.c.o -Bdynamic -Bstatic -limf -lsvml -lirng -Bdynamic -lm -Bstatic -lipgo -ldecimal --as-needed -Bdynamic -lcilkrts -lstdc++ --no-as-needed -lgcc -lgcc_s -Bstatic -lirc -lsvml -Bdynamic -lc -lgcc -lgcc_s -Bstatic -lirc_s -Bdynamic -ldl -lc /opt/apps/gcc/6.3.0/lib/gcc/x86_64-pc-linux-gnu/6.3.0/crtend.o /lib/../lib64/crtn.o
gmake[1]: Leaving directory `/work/05780/everett/stampede2/JETSCAPE-COMP-TEST-EBE/external_packages/iS3D/generate_delta_f_coefficients/smash_box/df_vh_dimensionless/build/CMakeFiles/CMakeTmp'


Parsed C implicit link information from above output:
  link line regex: [^( *|.*[/\])(ld|([^/\]+-)?ld|collect2)[^/\]*( |$)]
  ignore line: [Change Dir: /work/05780/everett/stampede2/JETSCAPE-COMP-TEST-EBE/external_packages/iS3D/generate_delta_f_coefficients/smash_box/df_vh_dimensionless/build/CMakeFiles/CMakeTmp]
  ignore line: []
  ignore line: [Run Build Command:"/bin/gmake" "cmTC_28ea1/fast"]
  ignore line: [/bin/gmake -f CMakeFiles/cmTC_28ea1.dir/build.make CMakeFiles/cmTC_28ea1.dir/build]
  ignore line: [gmake[1]: Entering directory `/work/05780/everett/stampede2/JETSCAPE-COMP-TEST-EBE/external_packages/iS3D/generate_delta_f_coefficients/smash_box/df_vh_dimensionless/build/CMakeFiles/CMakeTmp']
  ignore line: [Building C object CMakeFiles/cmTC_28ea1.dir/CMakeCCompilerABI.c.o]
  ignore line: [/opt/intel/compilers_and_libraries_2018.2.199/linux/bin/intel64/icc     -o CMakeFiles/cmTC_28ea1.dir/CMakeCCompilerABI.c.o   -c /opt/apps/cmake/3.7.1/share/cmake-3.7/Modules/CMakeCCompilerABI.c]
  ignore line: [Linking C executable cmTC_28ea1]
  ignore line: [/opt/apps/cmake/3.7.1/bin/cmake -E cmake_link_script CMakeFiles/cmTC_28ea1.dir/link.txt --verbose=1]
  ignore line: [/opt/intel/compilers_and_libraries_2018.2.199/linux/bin/intel64/icc      -v CMakeFiles/cmTC_28ea1.dir/CMakeCCompilerABI.c.o  -o cmTC_28ea1 -rdynamic  ]
  ignore line: [icc version 18.0.2 (gcc version 6.3.0 compatibility)]
  ignore line: [/opt/intel/compilers_and_libraries_2018.2.199/linux/bin/intel64/mcpcom    -mGLOB_em64t=TRUE -mP1OPT_version=18.0-intel64 -mGLOB_diag_file=CMakeFiles/cmTC_28ea1.dir/CMakeCCompilerABI.c.diag -mGLOB_long_size_64 -mGLOB_routine_pointer_size_64 -mP1OPT_print_version=FALSE -mCG_use_gas_got_workaround=F -mP2OPT_align_option_used=TRUE -mGLOB_gcc_version=630 "-mGLOB_options_string=-v -o cmTC_28ea1 -rdynamic" -mGLOB_cxx_limited_range=FALSE -mCG_extend_parms=FALSE -mGLOB_compiler_bin_directory=/opt/intel/compilers_and_libraries_2018.2.199/linux/bin/intel64 -mGLOB_as_output_backup_file_name=/tmp/iccIgIX6Ras_.s -mGLOB_dashboard_use_source_name -mIPOPT_activate -mGLOB_product_id_code=0x22006d92 -mP3OPT_use_mspp_call_convention -mP2OPT_subs_out_of_bound=FALSE -mP2OPT_disam_type_based_disam=2 -mP2OPT_disam_assume_ansi_c -mP2OPT_checked_disam_ansi_alias=TRUE -mGLOB_ansi_alias -mPGOPTI_value_profile_use=T -mGLOB_opt_report_use_source_name -mP2OPT_il0_array_sections=TRUE -mGLOB_offload_mode=1 -mP2OPT_offload_unique_var_string=icc2055813640ascjvy -mP2OPT_hlo -mP2OPT_hpo_rtt_control=0 -mIPOPT_args_in_regs=0 -mP2OPT_disam_assume_nonstd_intent_in=FALSE -mGLOB_imf_mapping_library=/opt/intel/compilers_and_libraries_2018.2.199/linux/bin/intel64/libiml_attr.so -mPGOPTI_gen_threadsafe_level=0 -mIPOPT_link -mIPOPT_ipo_activate -mIPOPT_mo_activate -mIPOPT_source_files_list=/tmp/iccslisspjbbn -mIPOPT_mo_global_data -mIPOPT_link_script_file=/tmp/iccscriptqEumux "-mIPOPT_cmdline_link="/lib/../lib64/crt1.o" "/lib/../lib64/crti.o" "/opt/apps/gcc/6.3.0/lib/gcc/x86_64-pc-linux-gnu/6.3.0/crtbegin.o" "-export-dynamic" "--eh-frame-hdr" "--build-id" "-dynamic-linker" "/lib64/ld-linux-x86-64.so.2" "-m" "elf_x86_64" "-o" "cmTC_28ea1" "-L/opt/intel/compilers_and_libraries_2018.2.199/linux/daal/../tbb/lib/intel64_lin/gcc4.4" "-L/opt/intel/compilers_and_libraries_2018.2.199/linux/daal/lib/intel64_lin" "-L/opt/intel/compilers_and_libraries_2018.2.199/linux/tbb/lib/intel64/gcc4.7" "-L/opt/intel/compilers_and_libraries_2018.2.199/linux/mkl/lib/intel64_lin" "-L/opt/intel/compilers_and_libraries_2018.2.199/linux/compiler/lib/intel64_lin" "-L/opt/intel/compilers_and_libraries_2018.2.199/linux/ipp/lib/intel64" "-L/opt/intel/compilers_and_libraries_2018.2.199/linux/compiler/lib/intel64_lin" "-L/opt/apps/gcc/6.3.0/lib/gcc/x86_64-pc-linux-gnu/6.3.0/" "-L/opt/apps/gcc/6.3.0/lib/gcc/x86_64-pc-linux-gnu/6.3.0/../../../../lib64" "-L/opt/apps/gcc/6.3.0/lib/gcc/x86_64-pc-linux-gnu/6.3.0/../../../../lib64/" "-L/lib/../lib64" "-L/lib/../lib64/" "-L/usr/lib/../lib64" "-L/usr/lib/../lib64/" "-L/opt/intel/compilers_and_libraries_2018.2.199/linux/daal/../tbb/lib/intel64_lin/gcc4.4/" "-L/opt/intel/compilers_and_libraries_2018.2.199/linux/daal/lib/intel64_lin/" "-L/opt/intel/compilers_and_libraries_2018.2.199/linux/tbb/lib/intel64/gcc4.7/" "-L/opt/intel/compilers_and_libraries_2018.2.199/linux/mkl/lib/intel64_lin/" "-L/opt/intel/compilers_and_libraries_2018.2.199/linux/compiler/lib/intel64_lin/" "-L/opt/intel/compilers_and_libraries_2018.2.199/linux/ipp/lib/intel64/" "-L/opt/apps/gcc/6.3.0/lib/gcc/x86_64-pc-linux-gnu/6.3.0/../../../../x86_64-pc-linux-gnu/lib/" "-L/opt/apps/gcc/6.3.0/lib/gcc/x86_64-pc-linux-gnu/6.3.0/../../../" "-L/lib64" "-L/lib/" "-L/usr/lib64" "-L/usr/lib" "CMakeFiles/cmTC_28ea1.dir/CMakeCCompilerABI.c.o" "-Bdynamic" "-Bstatic" "-limf" "-lsvml" "-lirng" "-Bdynamic" "-lm" "-Bstatic" "-lipgo" "-ldecimal" "--as-needed" "-Bdynamic" "-lcilkrts" "-lstdc++" "--no-as-needed" "-lgcc" "-lgcc_s" "-Bstatic" "-lirc" "-lsvml" "-Bdynamic" "-lc" "-lgcc" "-lgcc_s" "-Bstatic" "-lirc_s" "-Bdynamic" "-ldl" "-lc" "/opt/apps/gcc/6.3.0/lib/gcc/x86_64-pc-linux-gnu/6.3.0/crtend.o" "/lib/../lib64/crtn.o"" -mIPOPT_il_in_obj -mIPOPT_ipo_activate_warn=FALSE -mIPOPT_obj_output_file_name=/tmp/ipo_iccKgIbkn.o -mIPOPT_whole_archive_fixup_file_name=/tmp/iccwarchoFiB9m -mGLOB_linker_version=2.28 -mGLOB_driver_tempfile_name=/tmp/icctempfileiPVqwx -mP3OPT_asm_target=P3OPT_ASM_TARGET_GAS -mGLOB_async_unwind_tables=TRUE -mGLOB_obj_output_file=/tmp/ipo_iccKgIbkn.o -mGLOB_source_dialect=GLOB_SOURCE_DIALECT_NONE -mP1OPT_source_file_name=ipo_out.c CMakeFiles/cmTC_28ea1.dir/CMakeCCompilerABI.c.o -mIPOPT_object_files=T -mIPOPT_assembly_files=/tmp/iccalisSxKvWH -mIPOPT_generated_tempfiles=/tmp/iccelisCqvFfS -mIPOPT_embedded_object_base_name=/tmp/icceobjo7eQy2 -mIPOPT_cmdline_link_new_name=/tmp/iccllisCEP0Rc]
  link line: [/opt/apps/xalt/xalt/bin/ld    /lib/../lib64/crt1.o /lib/../lib64/crti.o /opt/apps/gcc/6.3.0/lib/gcc/x86_64-pc-linux-gnu/6.3.0/crtbegin.o -export-dynamic --eh-frame-hdr --build-id -dynamic-linker /lib64/ld-linux-x86-64.so.2 -m elf_x86_64 -o cmTC_28ea1 -L/opt/intel/compilers_and_libraries_2018.2.199/linux/daal/../tbb/lib/intel64_lin/gcc4.4 -L/opt/intel/compilers_and_libraries_2018.2.199/linux/daal/lib/intel64_lin -L/opt/intel/compilers_and_libraries_2018.2.199/linux/tbb/lib/intel64/gcc4.7 -L/opt/intel/compilers_and_libraries_2018.2.199/linux/mkl/lib/intel64_lin -L/opt/intel/compilers_and_libraries_2018.2.199/linux/compiler/lib/intel64_lin -L/opt/intel/compilers_and_libraries_2018.2.199/linux/ipp/lib/intel64 -L/opt/intel/compilers_and_libraries_2018.2.199/linux/compiler/lib/intel64_lin -L/opt/apps/gcc/6.3.0/lib/gcc/x86_64-pc-linux-gnu/6.3.0/ -L/opt/apps/gcc/6.3.0/lib/gcc/x86_64-pc-linux-gnu/6.3.0/../../../../lib64 -L/opt/apps/gcc/6.3.0/lib/gcc/x86_64-pc-linux-gnu/6.3.0/../../../../lib64/ -L/lib/../lib64 -L/lib/../lib64/ -L/usr/lib/../lib64 -L/usr/lib/../lib64/ -L/opt/intel/compilers_and_libraries_2018.2.199/linux/daal/../tbb/lib/intel64_lin/gcc4.4/ -L/opt/intel/compilers_and_libraries_2018.2.199/linux/daal/lib/intel64_lin/ -L/opt/intel/compilers_and_libraries_2018.2.199/linux/tbb/lib/intel64/gcc4.7/ -L/opt/intel/compilers_and_libraries_2018.2.199/linux/mkl/lib/intel64_lin/ -L/opt/intel/compilers_and_libraries_2018.2.199/linux/compiler/lib/intel64_lin/ -L/opt/intel/compilers_and_libraries_2018.2.199/linux/ipp/lib/intel64/ -L/opt/apps/gcc/6.3.0/lib/gcc/x86_64-pc-linux-gnu/6.3.0/../../../../x86_64-pc-linux-gnu/lib/ -L/opt/apps/gcc/6.3.0/lib/gcc/x86_64-pc-linux-gnu/6.3.0/../../../ -L/lib64 -L/lib/ -L/usr/lib64 -L/usr/lib CMakeFiles/cmTC_28ea1.dir/CMakeCCompilerABI.c.o -Bdynamic -Bstatic -limf -lsvml -lirng -Bdynamic -lm -Bstatic -lipgo -ldecimal --as-needed -Bdynamic -lcilkrts -lstdc++ --no-as-needed -lgcc -lgcc_s -Bstatic -lirc -lsvml -Bdynamic -lc -lgcc -lgcc_s -Bstatic -lirc_s -Bdynamic -ldl -lc /opt/apps/gcc/6.3.0/lib/gcc/x86_64-pc-linux-gnu/6.3.0/crtend.o /lib/../lib64/crtn.o]
    arg [/opt/apps/xalt/xalt/bin/ld] ==> ignore
    arg [/lib/../lib64/crt1.o] ==> ignore
    arg [/lib/../lib64/crti.o] ==> ignore
    arg [/opt/apps/gcc/6.3.0/lib/gcc/x86_64-pc-linux-gnu/6.3.0/crtbegin.o] ==> ignore
    arg [-export-dynamic] ==> ignore
    arg [--eh-frame-hdr] ==> ignore
    arg [--build-id] ==> ignore
    arg [-dynamic-linker] ==> ignore
    arg [/lib64/ld-linux-x86-64.so.2] ==> ignore
    arg [-m] ==> ignore
    arg [elf_x86_64] ==> ignore
    arg [-o] ==> ignore
    arg [cmTC_28ea1] ==> ignore
    arg [-L/opt/intel/compilers_and_libraries_2018.2.199/linux/daal/../tbb/lib/intel64_lin/gcc4.4] ==> dir [/opt/intel/compilers_and_libraries_2018.2.199/linux/daal/../tbb/lib/intel64_lin/gcc4.4]
    arg [-L/opt/intel/compilers_and_libraries_2018.2.199/linux/daal/lib/intel64_lin] ==> dir [/opt/intel/compilers_and_libraries_2018.2.199/linux/daal/lib/intel64_lin]
    arg [-L/opt/intel/compilers_and_libraries_2018.2.199/linux/tbb/lib/intel64/gcc4.7] ==> dir [/opt/intel/compilers_and_libraries_2018.2.199/linux/tbb/lib/intel64/gcc4.7]
    arg [-L/opt/intel/compilers_and_libraries_2018.2.199/linux/mkl/lib/intel64_lin] ==> dir [/opt/intel/compilers_and_libraries_2018.2.199/linux/mkl/lib/intel64_lin]
    arg [-L/opt/intel/compilers_and_libraries_2018.2.199/linux/compiler/lib/intel64_lin] ==> dir [/opt/intel/compilers_and_libraries_2018.2.199/linux/compiler/lib/intel64_lin]
    arg [-L/opt/intel/compilers_and_libraries_2018.2.199/linux/ipp/lib/intel64] ==> dir [/opt/intel/compilers_and_libraries_2018.2.199/linux/ipp/lib/intel64]
    arg [-L/opt/intel/compilers_and_libraries_2018.2.199/linux/compiler/lib/intel64_lin] ==> dir [/opt/intel/compilers_and_libraries_2018.2.199/linux/compiler/lib/intel64_lin]
    arg [-L/opt/apps/gcc/6.3.0/lib/gcc/x86_64-pc-linux-gnu/6.3.0/] ==> dir [/opt/apps/gcc/6.3.0/lib/gcc/x86_64-pc-linux-gnu/6.3.0/]
    arg [-L/opt/apps/gcc/6.3.0/lib/gcc/x86_64-pc-linux-gnu/6.3.0/../../../../lib64] ==> dir [/opt/apps/gcc/6.3.0/lib/gcc/x86_64-pc-linux-gnu/6.3.0/../../../../lib64]
    arg [-L/opt/apps/gcc/6.3.0/lib/gcc/x86_64-pc-linux-gnu/6.3.0/../../../../lib64/] ==> dir [/opt/apps/gcc/6.3.0/lib/gcc/x86_64-pc-linux-gnu/6.3.0/../../../../lib64/]
    arg [-L/lib/../lib64] ==> dir [/lib/../lib64]
    arg [-L/lib/../lib64/] ==> dir [/lib/../lib64/]
    arg [-L/usr/lib/../lib64] ==> dir [/usr/lib/../lib64]
    arg [-L/usr/lib/../lib64/] ==> dir [/usr/lib/../lib64/]
    arg [-L/opt/intel/compilers_and_libraries_2018.2.199/linux/daal/../tbb/lib/intel64_lin/gcc4.4/] ==> dir [/opt/intel/compilers_and_libraries_2018.2.199/linux/daal/../tbb/lib/intel64_lin/gcc4.4/]
    arg [-L/opt/intel/compilers_and_libraries_2018.2.199/linux/daal/lib/intel64_lin/] ==> dir [/opt/intel/compilers_and_libraries_2018.2.199/linux/daal/lib/intel64_lin/]
    arg [-L/opt/intel/compilers_and_libraries_2018.2.199/linux/tbb/lib/intel64/gcc4.7/] ==> dir [/opt/intel/compilers_and_libraries_2018.2.199/linux/tbb/lib/intel64/gcc4.7/]
    arg [-L/opt/intel/compilers_and_libraries_2018.2.199/linux/mkl/lib/intel64_lin/] ==> dir [/opt/intel/compilers_and_libraries_2018.2.199/linux/mkl/lib/intel64_lin/]
    arg [-L/opt/intel/compilers_and_libraries_2018.2.199/linux/compiler/lib/intel64_lin/] ==> dir [/opt/intel/compilers_and_libraries_2018.2.199/linux/compiler/lib/intel64_lin/]
    arg [-L/opt/intel/compilers_and_libraries_2018.2.199/linux/ipp/lib/intel64/] ==> dir [/opt/intel/compilers_and_libraries_2018.2.199/linux/ipp/lib/intel64/]
    arg [-L/opt/apps/gcc/6.3.0/lib/gcc/x86_64-pc-linux-gnu/6.3.0/../../../../x86_64-pc-linux-gnu/lib/] ==> dir [/opt/apps/gcc/6.3.0/lib/gcc/x86_64-pc-linux-gnu/6.3.0/../../../../x86_64-pc-linux-gnu/lib/]
    arg [-L/opt/apps/gcc/6.3.0/lib/gcc/x86_64-pc-linux-gnu/6.3.0/../../../] ==> dir [/opt/apps/gcc/6.3.0/lib/gcc/x86_64-pc-linux-gnu/6.3.0/../../../]
    arg [-L/lib64] ==> dir [/lib64]
    arg [-L/lib/] ==> dir [/lib/]
    arg [-L/usr/lib64] ==> dir [/usr/lib64]
    arg [-L/usr/lib] ==> dir [/usr/lib]
    arg [CMakeFiles/cmTC_28ea1.dir/CMakeCCompilerABI.c.o] ==> ignore
    arg [-Bdynamic] ==> ignore
    arg [-Bstatic] ==> ignore
    arg [-limf] ==> lib [imf]
    arg [-lsvml] ==> lib [svml]
    arg [-lirng] ==> lib [irng]
    arg [-Bdynamic] ==> ignore
    arg [-lm] ==> lib [m]
    arg [-Bstatic] ==> ignore
    arg [-lipgo] ==> lib [ipgo]
    arg [-ldecimal] ==> lib [decimal]
    arg [--as-needed] ==> ignore
    arg [-Bdynamic] ==> ignore
    arg [-lcilkrts] ==> lib [cilkrts]
    arg [-lstdc++] ==> lib [stdc++]
    arg [--no-as-needed] ==> ignore
    arg [-lgcc] ==> lib [gcc]
    arg [-lgcc_s] ==> lib [gcc_s]
    arg [-Bstatic] ==> ignore
    arg [-lirc] ==> lib [irc]
    arg [-lsvml] ==> lib [svml]
    arg [-Bdynamic] ==> ignore
    arg [-lc] ==> lib [c]
    arg [-lgcc] ==> lib [gcc]
    arg [-lgcc_s] ==> lib [gcc_s]
    arg [-Bstatic] ==> ignore
    arg [-lirc_s] ==> lib [irc_s]
    arg [-Bdynamic] ==> ignore
    arg [-ldl] ==> lib [dl]
    arg [-lc] ==> lib [c]
    arg [/opt/apps/gcc/6.3.0/lib/gcc/x86_64-pc-linux-gnu/6.3.0/crtend.o] ==> ignore
    arg [/lib/../lib64/crtn.o] ==> ignore
  remove lib [gcc]
  remove lib [gcc_s]
  remove lib [gcc]
  remove lib [gcc_s]
  collapse library dir [/opt/intel/compilers_and_libraries_2018.2.199/linux/daal/../tbb/lib/intel64_lin/gcc4.4] ==> [/opt/intel/compilers_and_libraries_2018.2.199/linux/tbb/lib/intel64_lin/gcc4.4]
  collapse library dir [/opt/intel/compilers_and_libraries_2018.2.199/linux/daal/lib/intel64_lin] ==> [/opt/intel/compilers_and_libraries_2018.2.199/linux/daal/lib/intel64_lin]
  collapse library dir [/opt/intel/compilers_and_libraries_2018.2.199/linux/tbb/lib/intel64/gcc4.7] ==> [/opt/intel/compilers_and_libraries_2018.2.199/linux/tbb/lib/intel64/gcc4.7]
  collapse library dir [/opt/intel/compilers_and_libraries_2018.2.199/linux/mkl/lib/intel64_lin] ==> [/opt/intel/compilers_and_libraries_2018.2.199/linux/mkl/lib/intel64_lin]
  collapse library dir [/opt/intel/compilers_and_libraries_2018.2.199/linux/compiler/lib/intel64_lin] ==> [/opt/intel/compilers_and_libraries_2018.2.199/linux/compiler/lib/intel64_lin]
  collapse library dir [/opt/intel/compilers_and_libraries_2018.2.199/linux/ipp/lib/intel64] ==> [/opt/intel/compilers_and_libraries_2018.2.199/linux/ipp/lib/intel64]
  collapse library dir [/opt/intel/compilers_and_libraries_2018.2.199/linux/compiler/lib/intel64_lin] ==> [/opt/intel/compilers_and_libraries_2018.2.199/linux/compiler/lib/intel64_lin]
  collapse library dir [/opt/apps/gcc/6.3.0/lib/gcc/x86_64-pc-linux-gnu/6.3.0/] ==> [/opt/apps/gcc/6.3.0/lib/gcc/x86_64-pc-linux-gnu/6.3.0]
  collapse library dir [/opt/apps/gcc/6.3.0/lib/gcc/x86_64-pc-linux-gnu/6.3.0/../../../../lib64] ==> [/opt/apps/gcc/6.3.0/lib64]
  collapse library dir [/opt/apps/gcc/6.3.0/lib/gcc/x86_64-pc-linux-gnu/6.3.0/../../../../lib64/] ==> [/opt/apps/gcc/6.3.0/lib64]
  collapse library dir [/lib/../lib64] ==> [/lib64]
  collapse library dir [/lib/../lib64/] ==> [/lib64]
  collapse library dir [/usr/lib/../lib64] ==> [/usr/lib64]
  collapse library dir [/usr/lib/../lib64/] ==> [/usr/lib64]
  collapse library dir [/opt/intel/compilers_and_libraries_2018.2.199/linux/daal/../tbb/lib/intel64_lin/gcc4.4/] ==> [/opt/intel/compilers_and_libraries_2018.2.199/linux/tbb/lib/intel64_lin/gcc4.4]
  collapse library dir [/opt/intel/compilers_and_libraries_2018.2.199/linux/daal/lib/intel64_lin/] ==> [/opt/intel/compilers_and_libraries_2018.2.199/linux/daal/lib/intel64_lin]
  collapse library dir [/opt/intel/compilers_and_libraries_2018.2.199/linux/tbb/lib/intel64/gcc4.7/] ==> [/opt/intel/compilers_and_libraries_2018.2.199/linux/tbb/lib/intel64/gcc4.7]
  collapse library dir [/opt/intel/compilers_and_libraries_2018.2.199/linux/mkl/lib/intel64_lin/] ==> [/opt/intel/compilers_and_libraries_2018.2.199/linux/mkl/lib/intel64_lin]
  collapse library dir [/opt/intel/compilers_and_libraries_2018.2.199/linux/compiler/lib/intel64_lin/] ==> [/opt/intel/compilers_and_libraries_2018.2.199/linux/compiler/lib/intel64_lin]
  collapse library dir [/opt/intel/compilers_and_libraries_2018.2.199/linux/ipp/lib/intel64/] ==> [/opt/intel/compilers_and_libraries_2018.2.199/linux/ipp/lib/intel64]
  collapse library dir [/opt/apps/gcc/6.3.0/lib/gcc/x86_64-pc-linux-gnu/6.3.0/../../../../x86_64-pc-linux-gnu/lib/] ==> [/opt/apps/gcc/6.3.0/x86_64-pc-linux-gnu/lib]
  collapse library dir [/opt/apps/gcc/6.3.0/lib/gcc/x86_64-pc-linux-gnu/6.3.0/../../../] ==> [/opt/apps/gcc/6.3.0/lib]
  collapse library dir [/lib64] ==> [/lib64]
  collapse library dir [/lib/] ==> [/lib]
  collapse library dir [/usr/lib64] ==> [/usr/lib64]
  collapse library dir [/usr/lib] ==> [/usr/lib]
  implicit libs: [imf;svml;irng;m;ipgo;decimal;cilkrts;stdc++;irc;svml;c;irc_s;dl;c]
  implicit dirs: [/opt/intel/compilers_and_libraries_2018.2.199/linux/tbb/lib/intel64_lin/gcc4.4;/opt/intel/compilers_and_libraries_2018.2.199/linux/daal/lib/intel64_lin;/opt/intel/compilers_and_libraries_2018.2.199/linux/tbb/lib/intel64/gcc4.7;/opt/intel/compilers_and_libraries_2018.2.199/linux/mkl/lib/intel64_lin;/opt/intel/compilers_and_libraries_2018.2.199/linux/compiler/lib/intel64_lin;/opt/intel/compilers_and_libraries_2018.2.199/linux/ipp/lib/intel64;/opt/apps/gcc/6.3.0/lib/gcc/x86_64-pc-linux-gnu/6.3.0;/opt/apps/gcc/6.3.0/lib64;/lib64;/usr/lib64;/opt/apps/gcc/6.3.0/x86_64-pc-linux-gnu/lib;/opt/apps/gcc/6.3.0/lib;/lib;/usr/lib]
  implicit fwks: []




Detecting C [-std=c11] compiler features compiled with the following output:
Change Dir: /work/05780/everett/stampede2/JETSCAPE-COMP-TEST-EBE/external_packages/iS3D/generate_delta_f_coefficients/smash_box/df_vh_dimensionless/build/CMakeFiles/CMakeTmp

Run Build Command:"/bin/gmake" "cmTC_315a4/fast"
/bin/gmake -f CMakeFiles/cmTC_315a4.dir/build.make CMakeFiles/cmTC_315a4.dir/build
gmake[1]: Entering directory `/work/05780/everett/stampede2/JETSCAPE-COMP-TEST-EBE/external_packages/iS3D/generate_delta_f_coefficients/smash_box/df_vh_dimensionless/build/CMakeFiles/CMakeTmp'
Building C object CMakeFiles/cmTC_315a4.dir/feature_tests.c.o
/opt/intel/compilers_and_libraries_2018.2.199/linux/bin/intel64/icc    -std=c11 -o CMakeFiles/cmTC_315a4.dir/feature_tests.c.o   -c /work/05780/everett/stampede2/JETSCAPE-COMP-TEST-EBE/external_packages/iS3D/generate_delta_f_coefficients/smash_box/df_vh_dimensionless/build/CMakeFiles/feature_tests.c
Linking C executable cmTC_315a4
/opt/apps/cmake/3.7.1/bin/cmake -E cmake_link_script CMakeFiles/cmTC_315a4.dir/link.txt --verbose=1
/opt/intel/compilers_and_libraries_2018.2.199/linux/bin/intel64/icc       CMakeFiles/cmTC_315a4.dir/feature_tests.c.o  -o cmTC_315a4 -rdynamic 
gmake[1]: Leaving directory `/work/05780/everett/stampede2/JETSCAPE-COMP-TEST-EBE/external_packages/iS3D/generate_delta_f_coefficients/smash_box/df_vh_dimensionless/build/CMakeFiles/CMakeTmp'


    Feature record: C_FEATURE:1c_function_prototypes
    Feature record: C_FEATURE:1c_restrict
    Feature record: C_FEATURE:1c_static_assert
    Feature record: C_FEATURE:1c_variadic_macros


Detecting C [-std=c99] compiler features compiled with the following output:
Change Dir: /work/05780/everett/stampede2/JETSCAPE-COMP-TEST-EBE/external_packages/iS3D/generate_delta_f_coefficients/smash_box/df_vh_dimensionless/build/CMakeFiles/CMakeTmp

Run Build Command:"/bin/gmake" "cmTC_277a9/fast"
/bin/gmake -f CMakeFiles/cmTC_277a9.dir/build.make CMakeFiles/cmTC_277a9.dir/build
gmake[1]: Entering directory `/work/05780/everett/stampede2/JETSCAPE-COMP-TEST-EBE/external_packages/iS3D/generate_delta_f_coefficients/smash_box/df_vh_dimensionless/build/CMakeFiles/CMakeTmp'
Building C object CMakeFiles/cmTC_277a9.dir/feature_tests.c.o
/opt/intel/compilers_and_libraries_2018.2.199/linux/bin/intel64/icc    -std=c99 -o CMakeFiles/cmTC_277a9.dir/feature_tests.c.o   -c /work/05780/everett/stampede2/JETSCAPE-COMP-TEST-EBE/external_packages/iS3D/generate_delta_f_coefficients/smash_box/df_vh_dimensionless/build/CMakeFiles/feature_tests.c
Linking C executable cmTC_277a9
/opt/apps/cmake/3.7.1/bin/cmake -E cmake_link_script CMakeFiles/cmTC_277a9.dir/link.txt --verbose=1
/opt/intel/compilers_and_libraries_2018.2.199/linux/bin/intel64/icc       CMakeFiles/cmTC_277a9.dir/feature_tests.c.o  -o cmTC_277a9 -rdynamic 
gmake[1]: Leaving directory `/work/05780/everett/stampede2/JETSCAPE-COMP-TEST-EBE/external_packages/iS3D/generate_delta_f_coefficients/smash_box/df_vh_dimensionless/build/CMakeFiles/CMakeTmp'


    Feature record: C_FEATURE:1c_function_prototypes
    Feature record: C_FEATURE:1c_restrict
    Feature record: C_FEATURE:1c_static_assert
    Feature record: C_FEATURE:1c_variadic_macros


Detecting C [-std=c89] compiler features compiled with the following output:
Change Dir: /work/05780/everett/stampede2/JETSCAPE-COMP-TEST-EBE/external_packages/iS3D/generate_delta_f_coefficients/smash_box/df_vh_dimensionless/build/CMakeFiles/CMakeTmp

Run Build Command:"/bin/gmake" "cmTC_47d00/fast"
/bin/gmake -f CMakeFiles/cmTC_47d00.dir/build.make CMakeFiles/cmTC_47d00.dir/build
gmake[1]: Entering directory `/work/05780/everett/stampede2/JETSCAPE-COMP-TEST-EBE/external_packages/iS3D/generate_delta_f_coefficients/smash_box/df_vh_dimensionless/build/CMakeFiles/CMakeTmp'
Building C object CMakeFiles/cmTC_47d00.dir/feature_tests.c.o
/opt/intel/compilers_and_libraries_2018.2.199/linux/bin/intel64/icc    -std=c89 -o CMakeFiles/cmTC_47d00.dir/feature_tests.c.o   -c /work/05780/everett/stampede2/JETSCAPE-COMP-TEST-EBE/external_packages/iS3D/generate_delta_f_coefficients/smash_box/df_vh_dimensionless/build/CMakeFiles/feature_tests.c
Linking C executable cmTC_47d00
/opt/apps/cmake/3.7.1/bin/cmake -E cmake_link_script CMakeFiles/cmTC_47d00.dir/link.txt --verbose=1
/opt/intel/compilers_and_libraries_2018.2.199/linux/bin/intel64/icc       CMakeFiles/cmTC_47d00.dir/feature_tests.c.o  -o cmTC_47d00 -rdynamic 
gmake[1]: Leaving directory `/work/05780/everett/stampede2/JETSCAPE-COMP-TEST-EBE/external_packages/iS3D/generate_delta_f_coefficients/smash_box/df_vh_dimensionless/build/CMakeFiles/CMakeTmp'


    Feature record: C_FEATURE:1c_function_prototypes
    Feature record: C_FEATURE:0c_restrict
    Feature record: C_FEATURE:0c_static_assert
    Feature record: C_FEATURE:0c_variadic_macros
Determining if the CXX compiler works passed with the following output:
Change Dir: /work/05780/everett/stampede2/JETSCAPE-COMP-TEST-EBE/external_packages/iS3D/generate_delta_f_coefficients/smash_box/df_vh_dimensionless/build/CMakeFiles/CMakeTmp

Run Build Command:"/bin/gmake" "cmTC_4198c/fast"
/bin/gmake -f CMakeFiles/cmTC_4198c.dir/build.make CMakeFiles/cmTC_4198c.dir/build
gmake[1]: Entering directory `/work/05780/everett/stampede2/JETSCAPE-COMP-TEST-EBE/external_packages/iS3D/generate_delta_f_coefficients/smash_box/df_vh_dimensionless/build/CMakeFiles/CMakeTmp'
Building CXX object CMakeFiles/cmTC_4198c.dir/testCXXCompiler.cxx.o
/opt/intel/compilers_and_libraries_2018.2.199/linux/bin/intel64/icpc      -o CMakeFiles/cmTC_4198c.dir/testCXXCompiler.cxx.o -c /work/05780/everett/stampede2/JETSCAPE-COMP-TEST-EBE/external_packages/iS3D/generate_delta_f_coefficients/smash_box/df_vh_dimensionless/build/CMakeFiles/CMakeTmp/testCXXCompiler.cxx
Linking CXX executable cmTC_4198c
/opt/apps/cmake/3.7.1/bin/cmake -E cmake_link_script CMakeFiles/cmTC_4198c.dir/link.txt --verbose=1
/opt/intel/compilers_and_libraries_2018.2.199/linux/bin/intel64/icpc        CMakeFiles/cmTC_4198c.dir/testCXXCompiler.cxx.o  -o cmTC_4198c -rdynamic 
gmake[1]: Leaving directory `/work/05780/everett/stampede2/JETSCAPE-COMP-TEST-EBE/external_packages/iS3D/generate_delta_f_coefficients/smash_box/df_vh_dimensionless/build/CMakeFiles/CMakeTmp'


Detecting CXX compiler ABI info compiled with the following output:
Change Dir: /work/05780/everett/stampede2/JETSCAPE-COMP-TEST-EBE/external_packages/iS3D/generate_delta_f_coefficients/smash_box/df_vh_dimensionless/build/CMakeFiles/CMakeTmp

Run Build Command:"/bin/gmake" "cmTC_0497c/fast"
/bin/gmake -f CMakeFiles/cmTC_0497c.dir/build.make CMakeFiles/cmTC_0497c.dir/build
gmake[1]: Entering directory `/work/05780/everett/stampede2/JETSCAPE-COMP-TEST-EBE/external_packages/iS3D/generate_delta_f_coefficients/smash_box/df_vh_dimensionless/build/CMakeFiles/CMakeTmp'
Building CXX object CMakeFiles/cmTC_0497c.dir/CMakeCXXCompilerABI.cpp.o
/opt/intel/compilers_and_libraries_2018.2.199/linux/bin/intel64/icpc      -o CMakeFiles/cmTC_0497c.dir/CMakeCXXCompilerABI.cpp.o -c /opt/apps/cmake/3.7.1/share/cmake-3.7/Modules/CMakeCXXCompilerABI.cpp
Linking CXX executable cmTC_0497c
/opt/apps/cmake/3.7.1/bin/cmake -E cmake_link_script CMakeFiles/cmTC_0497c.dir/link.txt --verbose=1
/opt/intel/compilers_and_libraries_2018.2.199/linux/bin/intel64/icpc       -v CMakeFiles/cmTC_0497c.dir/CMakeCXXCompilerABI.cpp.o  -o cmTC_0497c -rdynamic  
icpc version 18.0.2 (gcc version 6.3.0 compatibility)
/opt/intel/compilers_and_libraries_2018.2.199/linux/bin/intel64/mcpcom    -mGLOB_em64t=TRUE -mP1OPT_version=18.0-intel64 -mGLOB_diag_file=CMakeFiles/cmTC_0497c.dir/CMakeCXXCompilerABI.cpp.diag -mGLOB_long_size_64 -mGLOB_routine_pointer_size_64 -mP1OPT_print_version=FALSE -mCG_use_gas_got_workaround=F -mP2OPT_align_option_used=TRUE -mGLOB_gcc_version=630 "-mGLOB_options_string=-v -o cmTC_0497c -rdynamic" -mGLOB_cxx_limited_range=FALSE -mCG_extend_parms=FALSE -mGLOB_compiler_bin_directory=/opt/intel/compilers_and_libraries_2018.2.199/linux/bin/intel64 -mGLOB_as_output_backup_file_name=/tmp/icpcpDU6Bcas_.s -mGLOB_dashboard_use_source_name -mIPOPT_activate -mGLOB_product_id_code=0x22006d8f -mP3OPT_use_mspp_call_convention -mP2OPT_subs_out_of_bound=FALSE -mP2OPT_disam_type_based_disam=2 -mP2OPT_disam_assume_ansi_c -mP2OPT_checked_disam_ansi_alias=TRUE -mGLOB_ansi_alias -mPGOPTI_value_profile_use=T -mGLOB_opt_report_use_source_name -mP2OPT_il0_array_sections=TRUE -mGLOB_offload_mode=1 -mP2OPT_offload_unique_var_string=icpc0688496402H4Aun7 -mP2OPT_hlo -mP2OPT_hpo_rtt_control=0 -mIPOPT_args_in_regs=0 -mP2OPT_disam_assume_nonstd_intent_in=FALSE -mGLOB_imf_mapping_library=/opt/intel/compilers_and_libraries_2018.2.199/linux/bin/intel64/libiml_attr.so -mPGOPTI_gen_threadsafe_level=0 -mIPOPT_link -mIPOPT_ipo_activate -mIPOPT_mo_activate -mIPOPT_source_files_list=/tmp/icpcslisLUdCSn -mIPOPT_mo_global_data -mIPOPT_link_script_file=/tmp/icpcscriptpZx1ME "-mIPOPT_cmdline_link="/lib/../lib64/crt1.o" "/lib/../lib64/crti.o" "/opt/apps/gcc/6.3.0/lib/gcc/x86_64-pc-linux-gnu/6.3.0/crtbegin.o" "-export-dynamic" "--eh-frame-hdr" "--build-id" "-dynamic-linker" "/lib64/ld-linux-x86-64.so.2" "-m" "elf_x86_64" "-o" "cmTC_0497c" "-L/opt/intel/compilers_and_libraries_2018.2.199/linux/daal/../tbb/lib/intel64_lin/gcc4.4" "-L/opt/intel/compilers_and_libraries_2018.2.199/linux/daal/lib/intel64_lin" "-L/opt/intel/compilers_and_libraries_2018.2.199/linux/tbb/lib/intel64/gcc4.7" "-L/opt/intel/compilers_and_libraries_2018.2.199/linux/mkl/lib/intel64_lin" "-L/opt/intel/compilers_and_libraries_2018.2.199/linux/compiler/lib/intel64_lin" "-L/opt/intel/compilers_and_libraries_2018.2.199/linux/ipp/lib/intel64" "-L/opt/intel/compilers_and_libraries_2018.2.199/linux/compiler/lib/intel64_lin" "-L/opt/apps/gcc/6.3.0/lib/gcc/x86_64-pc-linux-gnu/6.3.0/" "-L/opt/apps/gcc/6.3.0/lib/gcc/x86_64-pc-linux-gnu/6.3.0/../../../../lib64" "-L/opt/apps/gcc/6.3.0/lib/gcc/x86_64-pc-linux-gnu/6.3.0/../../../../lib64/" "-L/lib/../lib64" "-L/lib/../lib64/" "-L/usr/lib/../lib64" "-L/usr/lib/../lib64/" "-L/opt/intel/compilers_and_libraries_2018.2.199/linux/daal/../tbb/lib/intel64_lin/gcc4.4/" "-L/opt/intel/compilers_and_libraries_2018.2.199/linux/daal/lib/intel64_lin/" "-L/opt/intel/compilers_and_libraries_2018.2.199/linux/tbb/lib/intel64/gcc4.7/" "-L/opt/intel/compilers_and_libraries_2018.2.199/linux/mkl/lib/intel64_lin/" "-L/opt/intel/compilers_and_libraries_2018.2.199/linux/compiler/lib/intel64_lin/" "-L/opt/intel/compilers_and_libraries_2018.2.199/linux/ipp/lib/intel64/" "-L/opt/apps/gcc/6.3.0/lib/gcc/x86_64-pc-linux-gnu/6.3.0/../../../../x86_64-pc-linux-gnu/lib/" "-L/opt/apps/gcc/6.3.0/lib/gcc/x86_64-pc-linux-gnu/6.3.0/../../../" "-L/lib64" "-L/lib/" "-L/usr/lib64" "-L/usr/lib" "CMakeFiles/cmTC_0497c.dir/CMakeCXXCompilerABI.cpp.o" "-Bdynamic" "-Bstatic" "-limf" "-lsvml" "-lirng" "-Bdynamic" "-lstdc++" "-lm" "-Bstatic" "-lipgo" "-ldecimal" "--as-needed" "-Bdynamic" "-lcilkrts" "--no-as-needed" "-lstdc++" "-lgcc" "-lgcc_s" "-Bstatic" "-lirc" "-lsvml" "-Bdynamic" "-lc" "-lgcc" "-lgcc_s" "-Bstatic" "-lirc_s" "-Bdynamic" "-ldl" "-lc" "/opt/apps/gcc/6.3.0/lib/gcc/x86_64-pc-linux-gnu/6.3.0/crtend.o" "/lib/../lib64/crtn.o"" -mIPOPT_il_in_obj -mIPOPT_ipo_activate_warn=FALSE -mIPOPT_obj_output_file_name=/tmp/ipo_icpcrGKgqK.o -mIPOPT_whole_archive_fixup_file_name=/tmp/icpcwarch1r4js1 -mGLOB_linker_version=2.28 -mGLOB_driver_tempfile_name=/tmp/icpctempfileNtdkqi -mP3OPT_asm_target=P3OPT_ASM_TARGET_GAS -mGLOB_async_unwind_tables=TRUE -mGLOB_obj_output_file=/tmp/ipo_icpcrGKgqK.o -mGLOB_source_dialect=GLOB_SOURCE_DIALECT_NONE -mP1OPT_source_file_name=ipo_out.c CMakeFiles/cmTC_0497c.dir/CMakeCXXCompilerABI.cpp.o -mIPOPT_object_files=T -mIPOPT_assembly_files=/tmp/icpcalislrT2ei -mIPOPT_generated_tempfiles=/tmp/icpcelis3eGq9y -mIPOPT_embedded_object_base_name=/tmp/icpceobjFguP3P -mIPOPT_cmdline_link_new_name=/tmp/icpcllis5dVdY6
/opt/apps/xalt/xalt/bin/ld    /lib/../lib64/crt1.o /lib/../lib64/crti.o /opt/apps/gcc/6.3.0/lib/gcc/x86_64-pc-linux-gnu/6.3.0/crtbegin.o -export-dynamic --eh-frame-hdr --build-id -dynamic-linker /lib64/ld-linux-x86-64.so.2 -m elf_x86_64 -o cmTC_0497c -L/opt/intel/compilers_and_libraries_2018.2.199/linux/daal/../tbb/lib/intel64_lin/gcc4.4 -L/opt/intel/compilers_and_libraries_2018.2.199/linux/daal/lib/intel64_lin -L/opt/intel/compilers_and_libraries_2018.2.199/linux/tbb/lib/intel64/gcc4.7 -L/opt/intel/compilers_and_libraries_2018.2.199/linux/mkl/lib/intel64_lin -L/opt/intel/compilers_and_libraries_2018.2.199/linux/compiler/lib/intel64_lin -L/opt/intel/compilers_and_libraries_2018.2.199/linux/ipp/lib/intel64 -L/opt/intel/compilers_and_libraries_2018.2.199/linux/compiler/lib/intel64_lin -L/opt/apps/gcc/6.3.0/lib/gcc/x86_64-pc-linux-gnu/6.3.0/ -L/opt/apps/gcc/6.3.0/lib/gcc/x86_64-pc-linux-gnu/6.3.0/../../../../lib64 -L/opt/apps/gcc/6.3.0/lib/gcc/x86_64-pc-linux-gnu/6.3.0/../../../../lib64/ -L/lib/../lib64 -L/lib/../lib64/ -L/usr/lib/../lib64 -L/usr/lib/../lib64/ -L/opt/intel/compilers_and_libraries_2018.2.199/linux/daal/../tbb/lib/intel64_lin/gcc4.4/ -L/opt/intel/compilers_and_libraries_2018.2.199/linux/daal/lib/intel64_lin/ -L/opt/intel/compilers_and_libraries_2018.2.199/linux/tbb/lib/intel64/gcc4.7/ -L/opt/intel/compilers_and_libraries_2018.2.199/linux/mkl/lib/intel64_lin/ -L/opt/intel/compilers_and_libraries_2018.2.199/linux/compiler/lib/intel64_lin/ -L/opt/intel/compilers_and_libraries_2018.2.199/linux/ipp/lib/intel64/ -L/opt/apps/gcc/6.3.0/lib/gcc/x86_64-pc-linux-gnu/6.3.0/../../../../x86_64-pc-linux-gnu/lib/ -L/opt/apps/gcc/6.3.0/lib/gcc/x86_64-pc-linux-gnu/6.3.0/../../../ -L/lib64 -L/lib/ -L/usr/lib64 -L/usr/lib CMakeFiles/cmTC_0497c.dir/CMakeCXXCompilerABI.cpp.o -Bdynamic -Bstatic -limf -lsvml -lirng -Bdynamic -lstdc++ -lm -Bstatic -lipgo -ldecimal --as-needed -Bdynamic -lcilkrts --no-as-needed -lstdc++ -lgcc -lgcc_s -Bstatic -lirc -lsvml -Bdynamic -lc -lgcc -lgcc_s -Bstatic -lirc_s -Bdynamic -ldl -lc /opt/apps/gcc/6.3.0/lib/gcc/x86_64-pc-linux-gnu/6.3.0/crtend.o /lib/../lib64/crtn.o
gmake[1]: Leaving directory `/work/05780/everett/stampede2/JETSCAPE-COMP-TEST-EBE/external_packages/iS3D/generate_delta_f_coefficients/smash_box/df_vh_dimensionless/build/CMakeFiles/CMakeTmp'


Parsed CXX implicit link information from above output:
  link line regex: [^( *|.*[/\])(ld|([^/\]+-)?ld|collect2)[^/\]*( |$)]
  ignore line: [Change Dir: /work/05780/everett/stampede2/JETSCAPE-COMP-TEST-EBE/external_packages/iS3D/generate_delta_f_coefficients/smash_box/df_vh_dimensionless/build/CMakeFiles/CMakeTmp]
  ignore line: []
  ignore line: [Run Build Command:"/bin/gmake" "cmTC_0497c/fast"]
  ignore line: [/bin/gmake -f CMakeFiles/cmTC_0497c.dir/build.make CMakeFiles/cmTC_0497c.dir/build]
  ignore line: [gmake[1]: Entering directory `/work/05780/everett/stampede2/JETSCAPE-COMP-TEST-EBE/external_packages/iS3D/generate_delta_f_coefficients/smash_box/df_vh_dimensionless/build/CMakeFiles/CMakeTmp']
  ignore line: [Building CXX object CMakeFiles/cmTC_0497c.dir/CMakeCXXCompilerABI.cpp.o]
  ignore line: [/opt/intel/compilers_and_libraries_2018.2.199/linux/bin/intel64/icpc      -o CMakeFiles/cmTC_0497c.dir/CMakeCXXCompilerABI.cpp.o -c /opt/apps/cmake/3.7.1/share/cmake-3.7/Modules/CMakeCXXCompilerABI.cpp]
  ignore line: [Linking CXX executable cmTC_0497c]
  ignore line: [/opt/apps/cmake/3.7.1/bin/cmake -E cmake_link_script CMakeFiles/cmTC_0497c.dir/link.txt --verbose=1]
  ignore line: [/opt/intel/compilers_and_libraries_2018.2.199/linux/bin/intel64/icpc       -v CMakeFiles/cmTC_0497c.dir/CMakeCXXCompilerABI.cpp.o  -o cmTC_0497c -rdynamic  ]
  ignore line: [icpc version 18.0.2 (gcc version 6.3.0 compatibility)]
  ignore line: [/opt/intel/compilers_and_libraries_2018.2.199/linux/bin/intel64/mcpcom    -mGLOB_em64t=TRUE -mP1OPT_version=18.0-intel64 -mGLOB_diag_file=CMakeFiles/cmTC_0497c.dir/CMakeCXXCompilerABI.cpp.diag -mGLOB_long_size_64 -mGLOB_routine_pointer_size_64 -mP1OPT_print_version=FALSE -mCG_use_gas_got_workaround=F -mP2OPT_align_option_used=TRUE -mGLOB_gcc_version=630 "-mGLOB_options_string=-v -o cmTC_0497c -rdynamic" -mGLOB_cxx_limited_range=FALSE -mCG_extend_parms=FALSE -mGLOB_compiler_bin_directory=/opt/intel/compilers_and_libraries_2018.2.199/linux/bin/intel64 -mGLOB_as_output_backup_file_name=/tmp/icpcpDU6Bcas_.s -mGLOB_dashboard_use_source_name -mIPOPT_activate -mGLOB_product_id_code=0x22006d8f -mP3OPT_use_mspp_call_convention -mP2OPT_subs_out_of_bound=FALSE -mP2OPT_disam_type_based_disam=2 -mP2OPT_disam_assume_ansi_c -mP2OPT_checked_disam_ansi_alias=TRUE -mGLOB_ansi_alias -mPGOPTI_value_profile_use=T -mGLOB_opt_report_use_source_name -mP2OPT_il0_array_sections=TRUE -mGLOB_offload_mode=1 -mP2OPT_offload_unique_var_string=icpc0688496402H4Aun7 -mP2OPT_hlo -mP2OPT_hpo_rtt_control=0 -mIPOPT_args_in_regs=0 -mP2OPT_disam_assume_nonstd_intent_in=FALSE -mGLOB_imf_mapping_library=/opt/intel/compilers_and_libraries_2018.2.199/linux/bin/intel64/libiml_attr.so -mPGOPTI_gen_threadsafe_level=0 -mIPOPT_link -mIPOPT_ipo_activate -mIPOPT_mo_activate -mIPOPT_source_files_list=/tmp/icpcslisLUdCSn -mIPOPT_mo_global_data -mIPOPT_link_script_file=/tmp/icpcscriptpZx1ME "-mIPOPT_cmdline_link="/lib/../lib64/crt1.o" "/lib/../lib64/crti.o" "/opt/apps/gcc/6.3.0/lib/gcc/x86_64-pc-linux-gnu/6.3.0/crtbegin.o" "-export-dynamic" "--eh-frame-hdr" "--build-id" "-dynamic-linker" "/lib64/ld-linux-x86-64.so.2" "-m" "elf_x86_64" "-o" "cmTC_0497c" "-L/opt/intel/compilers_and_libraries_2018.2.199/linux/daal/../tbb/lib/intel64_lin/gcc4.4" "-L/opt/intel/compilers_and_libraries_2018.2.199/linux/daal/lib/intel64_lin" "-L/opt/intel/compilers_and_libraries_2018.2.199/linux/tbb/lib/intel64/gcc4.7" "-L/opt/intel/compilers_and_libraries_2018.2.199/linux/mkl/lib/intel64_lin" "-L/opt/intel/compilers_and_libraries_2018.2.199/linux/compiler/lib/intel64_lin" "-L/opt/intel/compilers_and_libraries_2018.2.199/linux/ipp/lib/intel64" "-L/opt/intel/compilers_and_libraries_2018.2.199/linux/compiler/lib/intel64_lin" "-L/opt/apps/gcc/6.3.0/lib/gcc/x86_64-pc-linux-gnu/6.3.0/" "-L/opt/apps/gcc/6.3.0/lib/gcc/x86_64-pc-linux-gnu/6.3.0/../../../../lib64" "-L/opt/apps/gcc/6.3.0/lib/gcc/x86_64-pc-linux-gnu/6.3.0/../../../../lib64/" "-L/lib/../lib64" "-L/lib/../lib64/" "-L/usr/lib/../lib64" "-L/usr/lib/../lib64/" "-L/opt/intel/compilers_and_libraries_2018.2.199/linux/daal/../tbb/lib/intel64_lin/gcc4.4/" "-L/opt/intel/compilers_and_libraries_2018.2.199/linux/daal/lib/intel64_lin/" "-L/opt/intel/compilers_and_libraries_2018.2.199/linux/tbb/lib/intel64/gcc4.7/" "-L/opt/intel/compilers_and_libraries_2018.2.199/linux/mkl/lib/intel64_lin/" "-L/opt/intel/compilers_and_libraries_2018.2.199/linux/compiler/lib/intel64_lin/" "-L/opt/intel/compilers_and_libraries_2018.2.199/linux/ipp/lib/intel64/" "-L/opt/apps/gcc/6.3.0/lib/gcc/x86_64-pc-linux-gnu/6.3.0/../../../../x86_64-pc-linux-gnu/lib/" "-L/opt/apps/gcc/6.3.0/lib/gcc/x86_64-pc-linux-gnu/6.3.0/../../../" "-L/lib64" "-L/lib/" "-L/usr/lib64" "-L/usr/lib" "CMakeFiles/cmTC_0497c.dir/CMakeCXXCompilerABI.cpp.o" "-Bdynamic" "-Bstatic" "-limf" "-lsvml" "-lirng" "-Bdynamic" "-lstdc++" "-lm" "-Bstatic" "-lipgo" "-ldecimal" "--as-needed" "-Bdynamic" "-lcilkrts" "--no-as-needed" "-lstdc++" "-lgcc" "-lgcc_s" "-Bstatic" "-lirc" "-lsvml" "-Bdynamic" "-lc" "-lgcc" "-lgcc_s" "-Bstatic" "-lirc_s" "-Bdynamic" "-ldl" "-lc" "/opt/apps/gcc/6.3.0/lib/gcc/x86_64-pc-linux-gnu/6.3.0/crtend.o" "/lib/../lib64/crtn.o"" -mIPOPT_il_in_obj -mIPOPT_ipo_activate_warn=FALSE -mIPOPT_obj_output_file_name=/tmp/ipo_icpcrGKgqK.o -mIPOPT_whole_archive_fixup_file_name=/tmp/icpcwarch1r4js1 -mGLOB_linker_version=2.28 -mGLOB_driver_tempfile_name=/tmp/icpctempfileNtdkqi -mP3OPT_asm_target=P3OPT_ASM_TARGET_GAS -mGLOB_async_unwind_tables=TRUE -mGLOB_obj_output_file=/tmp/ipo_icpcrGKgqK.o -mGLOB_source_dialect=GLOB_SOURCE_DIALECT_NONE -mP1OPT_source_file_name=ipo_out.c CMakeFiles/cmTC_0497c.dir/CMakeCXXCompilerABI.cpp.o -mIPOPT_object_files=T -mIPOPT_assembly_files=/tmp/icpcalislrT2ei -mIPOPT_generated_tempfiles=/tmp/icpcelis3eGq9y -mIPOPT_embedded_object_base_name=/tmp/icpceobjFguP3P -mIPOPT_cmdline_link_new_name=/tmp/icpcllis5dVdY6]
  link line: [/opt/apps/xalt/xalt/bin/ld    /lib/../lib64/crt1.o /lib/../lib64/crti.o /opt/apps/gcc/6.3.0/lib/gcc/x86_64-pc-linux-gnu/6.3.0/crtbegin.o -export-dynamic --eh-frame-hdr --build-id -dynamic-linker /lib64/ld-linux-x86-64.so.2 -m elf_x86_64 -o cmTC_0497c -L/opt/intel/compilers_and_libraries_2018.2.199/linux/daal/../tbb/lib/intel64_lin/gcc4.4 -L/opt/intel/compilers_and_libraries_2018.2.199/linux/daal/lib/intel64_lin -L/opt/intel/compilers_and_libraries_2018.2.199/linux/tbb/lib/intel64/gcc4.7 -L/opt/intel/compilers_and_libraries_2018.2.199/linux/mkl/lib/intel64_lin -L/opt/intel/compilers_and_libraries_2018.2.199/linux/compiler/lib/intel64_lin -L/opt/intel/compilers_and_libraries_2018.2.199/linux/ipp/lib/intel64 -L/opt/intel/compilers_and_libraries_2018.2.199/linux/compiler/lib/intel64_lin -L/opt/apps/gcc/6.3.0/lib/gcc/x86_64-pc-linux-gnu/6.3.0/ -L/opt/apps/gcc/6.3.0/lib/gcc/x86_64-pc-linux-gnu/6.3.0/../../../../lib64 -L/opt/apps/gcc/6.3.0/lib/gcc/x86_64-pc-linux-gnu/6.3.0/../../../../lib64/ -L/lib/../lib64 -L/lib/../lib64/ -L/usr/lib/../lib64 -L/usr/lib/../lib64/ -L/opt/intel/compilers_and_libraries_2018.2.199/linux/daal/../tbb/lib/intel64_lin/gcc4.4/ -L/opt/intel/compilers_and_libraries_2018.2.199/linux/daal/lib/intel64_lin/ -L/opt/intel/compilers_and_libraries_2018.2.199/linux/tbb/lib/intel64/gcc4.7/ -L/opt/intel/compilers_and_libraries_2018.2.199/linux/mkl/lib/intel64_lin/ -L/opt/intel/compilers_and_libraries_2018.2.199/linux/compiler/lib/intel64_lin/ -L/opt/intel/compilers_and_libraries_2018.2.199/linux/ipp/lib/intel64/ -L/opt/apps/gcc/6.3.0/lib/gcc/x86_64-pc-linux-gnu/6.3.0/../../../../x86_64-pc-linux-gnu/lib/ -L/opt/apps/gcc/6.3.0/lib/gcc/x86_64-pc-linux-gnu/6.3.0/../../../ -L/lib64 -L/lib/ -L/usr/lib64 -L/usr/lib CMakeFiles/cmTC_0497c.dir/CMakeCXXCompilerABI.cpp.o -Bdynamic -Bstatic -limf -lsvml -lirng -Bdynamic -lstdc++ -lm -Bstatic -lipgo -ldecimal --as-needed -Bdynamic -lcilkrts --no-as-needed -lstdc++ -lgcc -lgcc_s -Bstatic -lirc -lsvml -Bdynamic -lc -lgcc -lgcc_s -Bstatic -lirc_s -Bdynamic -ldl -lc /opt/apps/gcc/6.3.0/lib/gcc/x86_64-pc-linux-gnu/6.3.0/crtend.o /lib/../lib64/crtn.o]
    arg [/opt/apps/xalt/xalt/bin/ld] ==> ignore
    arg [/lib/../lib64/crt1.o] ==> ignore
    arg [/lib/../lib64/crti.o] ==> ignore
    arg [/opt/apps/gcc/6.3.0/lib/gcc/x86_64-pc-linux-gnu/6.3.0/crtbegin.o] ==> ignore
    arg [-export-dynamic] ==> ignore
    arg [--eh-frame-hdr] ==> ignore
    arg [--build-id] ==> ignore
    arg [-dynamic-linker] ==> ignore
    arg [/lib64/ld-linux-x86-64.so.2] ==> ignore
    arg [-m] ==> ignore
    arg [elf_x86_64] ==> ignore
    arg [-o] ==> ignore
    arg [cmTC_0497c] ==> ignore
    arg [-L/opt/intel/compilers_and_libraries_2018.2.199/linux/daal/../tbb/lib/intel64_lin/gcc4.4] ==> dir [/opt/intel/compilers_and_libraries_2018.2.199/linux/daal/../tbb/lib/intel64_lin/gcc4.4]
    arg [-L/opt/intel/compilers_and_libraries_2018.2.199/linux/daal/lib/intel64_lin] ==> dir [/opt/intel/compilers_and_libraries_2018.2.199/linux/daal/lib/intel64_lin]
    arg [-L/opt/intel/compilers_and_libraries_2018.2.199/linux/tbb/lib/intel64/gcc4.7] ==> dir [/opt/intel/compilers_and_libraries_2018.2.199/linux/tbb/lib/intel64/gcc4.7]
    arg [-L/opt/intel/compilers_and_libraries_2018.2.199/linux/mkl/lib/intel64_lin] ==> dir [/opt/intel/compilers_and_libraries_2018.2.199/linux/mkl/lib/intel64_lin]
    arg [-L/opt/intel/compilers_and_libraries_2018.2.199/linux/compiler/lib/intel64_lin] ==> dir [/opt/intel/compilers_and_libraries_2018.2.199/linux/compiler/lib/intel64_lin]
    arg [-L/opt/intel/compilers_and_libraries_2018.2.199/linux/ipp/lib/intel64] ==> dir [/opt/intel/compilers_and_libraries_2018.2.199/linux/ipp/lib/intel64]
    arg [-L/opt/intel/compilers_and_libraries_2018.2.199/linux/compiler/lib/intel64_lin] ==> dir [/opt/intel/compilers_and_libraries_2018.2.199/linux/compiler/lib/intel64_lin]
    arg [-L/opt/apps/gcc/6.3.0/lib/gcc/x86_64-pc-linux-gnu/6.3.0/] ==> dir [/opt/apps/gcc/6.3.0/lib/gcc/x86_64-pc-linux-gnu/6.3.0/]
    arg [-L/opt/apps/gcc/6.3.0/lib/gcc/x86_64-pc-linux-gnu/6.3.0/../../../../lib64] ==> dir [/opt/apps/gcc/6.3.0/lib/gcc/x86_64-pc-linux-gnu/6.3.0/../../../../lib64]
    arg [-L/opt/apps/gcc/6.3.0/lib/gcc/x86_64-pc-linux-gnu/6.3.0/../../../../lib64/] ==> dir [/opt/apps/gcc/6.3.0/lib/gcc/x86_64-pc-linux-gnu/6.3.0/../../../../lib64/]
    arg [-L/lib/../lib64] ==> dir [/lib/../lib64]
    arg [-L/lib/../lib64/] ==> dir [/lib/../lib64/]
    arg [-L/usr/lib/../lib64] ==> dir [/usr/lib/../lib64]
    arg [-L/usr/lib/../lib64/] ==> dir [/usr/lib/../lib64/]
    arg [-L/opt/intel/compilers_and_libraries_2018.2.199/linux/daal/../tbb/lib/intel64_lin/gcc4.4/] ==> dir [/opt/intel/compilers_and_libraries_2018.2.199/linux/daal/../tbb/lib/intel64_lin/gcc4.4/]
    arg [-L/opt/intel/compilers_and_libraries_2018.2.199/linux/daal/lib/intel64_lin/] ==> dir [/opt/intel/compilers_and_libraries_2018.2.199/linux/daal/lib/intel64_lin/]
    arg [-L/opt/intel/compilers_and_libraries_2018.2.199/linux/tbb/lib/intel64/gcc4.7/] ==> dir [/opt/intel/compilers_and_libraries_2018.2.199/linux/tbb/lib/intel64/gcc4.7/]
    arg [-L/opt/intel/compilers_and_libraries_2018.2.199/linux/mkl/lib/intel64_lin/] ==> dir [/opt/intel/compilers_and_libraries_2018.2.199/linux/mkl/lib/intel64_lin/]
    arg [-L/opt/intel/compilers_and_libraries_2018.2.199/linux/compiler/lib/intel64_lin/] ==> dir [/opt/intel/compilers_and_libraries_2018.2.199/linux/compiler/lib/intel64_lin/]
    arg [-L/opt/intel/compilers_and_libraries_2018.2.199/linux/ipp/lib/intel64/] ==> dir [/opt/intel/compilers_and_libraries_2018.2.199/linux/ipp/lib/intel64/]
    arg [-L/opt/apps/gcc/6.3.0/lib/gcc/x86_64-pc-linux-gnu/6.3.0/../../../../x86_64-pc-linux-gnu/lib/] ==> dir [/opt/apps/gcc/6.3.0/lib/gcc/x86_64-pc-linux-gnu/6.3.0/../../../../x86_64-pc-linux-gnu/lib/]
    arg [-L/opt/apps/gcc/6.3.0/lib/gcc/x86_64-pc-linux-gnu/6.3.0/../../../] ==> dir [/opt/apps/gcc/6.3.0/lib/gcc/x86_64-pc-linux-gnu/6.3.0/../../../]
    arg [-L/lib64] ==> dir [/lib64]
    arg [-L/lib/] ==> dir [/lib/]
    arg [-L/usr/lib64] ==> dir [/usr/lib64]
    arg [-L/usr/lib] ==> dir [/usr/lib]
    arg [CMakeFiles/cmTC_0497c.dir/CMakeCXXCompilerABI.cpp.o] ==> ignore
    arg [-Bdynamic] ==> ignore
    arg [-Bstatic] ==> ignore
    arg [-limf] ==> lib [imf]
    arg [-lsvml] ==> lib [svml]
    arg [-lirng] ==> lib [irng]
    arg [-Bdynamic] ==> ignore
    arg [-lstdc++] ==> lib [stdc++]
    arg [-lm] ==> lib [m]
    arg [-Bstatic] ==> ignore
    arg [-lipgo] ==> lib [ipgo]
    arg [-ldecimal] ==> lib [decimal]
    arg [--as-needed] ==> ignore
    arg [-Bdynamic] ==> ignore
    arg [-lcilkrts] ==> lib [cilkrts]
    arg [--no-as-needed] ==> ignore
    arg [-lstdc++] ==> lib [stdc++]
    arg [-lgcc] ==> lib [gcc]
    arg [-lgcc_s] ==> lib [gcc_s]
    arg [-Bstatic] ==> ignore
    arg [-lirc] ==> lib [irc]
    arg [-lsvml] ==> lib [svml]
    arg [-Bdynamic] ==> ignore
    arg [-lc] ==> lib [c]
    arg [-lgcc] ==> lib [gcc]
    arg [-lgcc_s] ==> lib [gcc_s]
    arg [-Bstatic] ==> ignore
    arg [-lirc_s] ==> lib [irc_s]
    arg [-Bdynamic] ==> ignore
    arg [-ldl] ==> lib [dl]
    arg [-lc] ==> lib [c]
    arg [/opt/apps/gcc/6.3.0/lib/gcc/x86_64-pc-linux-gnu/6.3.0/crtend.o] ==> ignore
    arg [/lib/../lib64/crtn.o] ==> ignore
  remove lib [gcc]
  remove lib [gcc_s]
  remove lib [gcc]
  remove lib [gcc_s]
  collapse library dir [/opt/intel/compilers_and_libraries_2018.2.199/linux/daal/../tbb/lib/intel64_lin/gcc4.4] ==> [/opt/intel/compilers_and_libraries_2018.2.199/linux/tbb/lib/intel64_lin/gcc4.4]
  collapse library dir [/opt/intel/compilers_and_libraries_2018.2.199/linux/daal/lib/intel64_lin] ==> [/opt/intel/compilers_and_libraries_2018.2.199/linux/daal/lib/intel64_lin]
  collapse library dir [/opt/intel/compilers_and_libraries_2018.2.199/linux/tbb/lib/intel64/gcc4.7] ==> [/opt/intel/compilers_and_libraries_2018.2.199/linux/tbb/lib/intel64/gcc4.7]
  collapse library dir [/opt/intel/compilers_and_libraries_2018.2.199/linux/mkl/lib/intel64_lin] ==> [/opt/intel/compilers_and_libraries_2018.2.199/linux/mkl/lib/intel64_lin]
  collapse library dir [/opt/intel/compilers_and_libraries_2018.2.199/linux/compiler/lib/intel64_lin] ==> [/opt/intel/compilers_and_libraries_2018.2.199/linux/compiler/lib/intel64_lin]
  collapse library dir [/opt/intel/compilers_and_libraries_2018.2.199/linux/ipp/lib/intel64] ==> [/opt/intel/compilers_and_libraries_2018.2.199/linux/ipp/lib/intel64]
  collapse library dir [/opt/intel/compilers_and_libraries_2018.2.199/linux/compiler/lib/intel64_lin] ==> [/opt/intel/compilers_and_libraries_2018.2.199/linux/compiler/lib/intel64_lin]
  collapse library dir [/opt/apps/gcc/6.3.0/lib/gcc/x86_64-pc-linux-gnu/6.3.0/] ==> [/opt/apps/gcc/6.3.0/lib/gcc/x86_64-pc-linux-gnu/6.3.0]
  collapse library dir [/opt/apps/gcc/6.3.0/lib/gcc/x86_64-pc-linux-gnu/6.3.0/../../../../lib64] ==> [/opt/apps/gcc/6.3.0/lib64]
  collapse library dir [/opt/apps/gcc/6.3.0/lib/gcc/x86_64-pc-linux-gnu/6.3.0/../../../../lib64/] ==> [/opt/apps/gcc/6.3.0/lib64]
  collapse library dir [/lib/../lib64] ==> [/lib64]
  collapse library dir [/lib/../lib64/] ==> [/lib64]
  collapse library dir [/usr/lib/../lib64] ==> [/usr/lib64]
  collapse library dir [/usr/lib/../lib64/] ==> [/usr/lib64]
  collapse library dir [/opt/intel/compilers_and_libraries_2018.2.199/linux/daal/../tbb/lib/intel64_lin/gcc4.4/] ==> [/opt/intel/compilers_and_libraries_2018.2.199/linux/tbb/lib/intel64_lin/gcc4.4]
  collapse library dir [/opt/intel/compilers_and_libraries_2018.2.199/linux/daal/lib/intel64_lin/] ==> [/opt/intel/compilers_and_libraries_2018.2.199/linux/daal/lib/intel64_lin]
  collapse library dir [/opt/intel/compilers_and_libraries_2018.2.199/linux/tbb/lib/intel64/gcc4.7/] ==> [/opt/intel/compilers_and_libraries_2018.2.199/linux/tbb/lib/intel64/gcc4.7]
  collapse library dir [/opt/intel/compilers_and_libraries_2018.2.199/linux/mkl/lib/intel64_lin/] ==> [/opt/intel/compilers_and_libraries_2018.2.199/linux/mkl/lib/intel64_lin]
  collapse library dir [/opt/intel/compilers_and_libraries_2018.2.199/linux/compiler/lib/intel64_lin/] ==> [/opt/intel/compilers_and_libraries_2018.2.199/linux/compiler/lib/intel64_lin]
  collapse library dir [/opt/intel/compilers_and_libraries_2018.2.199/linux/ipp/lib/intel64/] ==> [/opt/intel/compilers_and_libraries_2018.2.199/linux/ipp/lib/intel64]
  collapse library dir [/opt/apps/gcc/6.3.0/lib/gcc/x86_64-pc-linux-gnu/6.3.0/../../../../x86_64-pc-linux-gnu/lib/] ==> [/opt/apps/gcc/6.3.0/x86_64-pc-linux-gnu/lib]
  collapse library dir [/opt/apps/gcc/6.3.0/lib/gcc/x86_64-pc-linux-gnu/6.3.0/../../../] ==> [/opt/apps/gcc/6.3.0/lib]
  collapse library dir [/lib64] ==> [/lib64]
  collapse library dir [/lib/] ==> [/lib]
  collapse library dir [/usr/lib64] ==> [/usr/lib64]
  collapse library dir [/usr/lib] ==> [/usr/lib]
  implicit libs: [imf;svml;irng;stdc++;m;ipgo;decimal;cilkrts;stdc++;irc;svml;c;irc_s;dl;c]
  implicit dirs: [/opt/intel/compilers_and_libraries_2018.2.199/linux/tbb/lib/intel64_lin/gcc4.4;/opt/intel/compilers_and_libraries_2018.2.199/linux/daal/lib/intel64_lin;/opt/intel/compilers_and_libraries_2018.2.199/linux/tbb/lib/intel64/gcc4.7;/opt/intel/compilers_and_libraries_2018.2.199/linux/mkl/lib/intel64_lin;/opt/intel/compilers_and_libraries_2018.2.199/linux/compiler/lib/intel64_lin;/opt/intel/compilers_and_libraries_2018.2.199/linux/ipp/lib/intel64;/opt/apps/gcc/6.3.0/lib/gcc/x86_64-pc-linux-gnu/6.3.0;/opt/apps/gcc/6.3.0/lib64;/lib64;/usr/lib64;/opt/apps/gcc/6.3.0/x86_64-pc-linux-gnu/lib;/opt/apps/gcc/6.3.0/lib;/lib;/usr/lib]
  implicit fwks: []




Detecting CXX [-std=c++14] compiler features compiled with the following output:
Change Dir: /work/05780/everett/stampede2/JETSCAPE-COMP-TEST-EBE/external_packages/iS3D/generate_delta_f_coefficients/smash_box/df_vh_dimensionless/build/CMakeFiles/CMakeTmp

Run Build Command:"/bin/gmake" "cmTC_b4bae/fast"
/bin/gmake -f CMakeFiles/cmTC_b4bae.dir/build.make CMakeFiles/cmTC_b4bae.dir/build
gmake[1]: Entering directory `/work/05780/everett/stampede2/JETSCAPE-COMP-TEST-EBE/external_packages/iS3D/generate_delta_f_coefficients/smash_box/df_vh_dimensionless/build/CMakeFiles/CMakeTmp'
Building CXX object CMakeFiles/cmTC_b4bae.dir/feature_tests.cxx.o
/opt/intel/compilers_and_libraries_2018.2.199/linux/bin/intel64/icpc     -std=c++14 -o CMakeFiles/cmTC_b4bae.dir/feature_tests.cxx.o -c /work/05780/everett/stampede2/JETSCAPE-COMP-TEST-EBE/external_packages/iS3D/generate_delta_f_coefficients/smash_box/df_vh_dimensionless/build/CMakeFiles/feature_tests.cxx
Linking CXX executable cmTC_b4bae
/opt/apps/cmake/3.7.1/bin/cmake -E cmake_link_script CMakeFiles/cmTC_b4bae.dir/link.txt --verbose=1
/opt/intel/compilers_and_libraries_2018.2.199/linux/bin/intel64/icpc        CMakeFiles/cmTC_b4bae.dir/feature_tests.cxx.o  -o cmTC_b4bae -rdynamic 
gmake[1]: Leaving directory `/work/05780/everett/stampede2/JETSCAPE-COMP-TEST-EBE/external_packages/iS3D/generate_delta_f_coefficients/smash_box/df_vh_dimensionless/build/CMakeFiles/CMakeTmp'


    Feature record: CXX_FEATURE:1cxx_aggregate_default_initializers
    Feature record: CXX_FEATURE:1cxx_alias_templates
    Feature record: CXX_FEATURE:1cxx_alignas
    Feature record: CXX_FEATURE:1cxx_alignof
    Feature record: CXX_FEATURE:1cxx_attributes
    Feature record: CXX_FEATURE:1cxx_attribute_deprecated
    Feature record: CXX_FEATURE:1cxx_auto_type
    Feature record: CXX_FEATURE:1cxx_binary_literals
    Feature record: CXX_FEATURE:1cxx_constexpr
    Feature record: CXX_FEATURE:1cxx_contextual_conversions
    Feature record: CXX_FEATURE:1cxx_decltype
    Feature record: CXX_FEATURE:1cxx_decltype_auto
    Feature record: CXX_FEATURE:1cxx_decltype_incomplete_return_types
    Feature record: CXX_FEATURE:1cxx_default_function_template_args
    Feature record: CXX_FEATURE:1cxx_defaulted_functions
    Feature record: CXX_FEATURE:1cxx_defaulted_move_initializers
    Feature record: CXX_FEATURE:1cxx_delegating_constructors
    Feature record: CXX_FEATURE:1cxx_deleted_functions
    Feature record: CXX_FEATURE:1cxx_digit_separators
    Feature record: CXX_FEATURE:1cxx_enum_forward_declarations
    Feature record: CXX_FEATURE:1cxx_explicit_conversions
    Feature record: CXX_FEATURE:1cxx_extended_friend_declarations
    Feature record: CXX_FEATURE:1cxx_extern_templates
    Feature record: CXX_FEATURE:1cxx_final
    Feature record: CXX_FEATURE:1cxx_func_identifier
    Feature record: CXX_FEATURE:1cxx_generic_lambdas
    Feature record: CXX_FEATURE:1cxx_inheriting_constructors
    Feature record: CXX_FEATURE:1cxx_inline_namespaces
    Feature record: CXX_FEATURE:1cxx_lambdas
    Feature record: CXX_FEATURE:1cxx_lambda_init_captures
    Feature record: CXX_FEATURE:1cxx_local_type_template_args
    Feature record: CXX_FEATURE:1cxx_long_long_type
    Feature record: CXX_FEATURE:1cxx_noexcept
    Feature record: CXX_FEATURE:1cxx_nonstatic_member_init
    Feature record: CXX_FEATURE:1cxx_nullptr
    Feature record: CXX_FEATURE:1cxx_override
    Feature record: CXX_FEATURE:1cxx_range_for
    Feature record: CXX_FEATURE:1cxx_raw_string_literals
    Feature record: CXX_FEATURE:1cxx_reference_qualified_functions
    Feature record: CXX_FEATURE:1cxx_relaxed_constexpr
    Feature record: CXX_FEATURE:1cxx_return_type_deduction
    Feature record: CXX_FEATURE:1cxx_right_angle_brackets
    Feature record: CXX_FEATURE:1cxx_rvalue_references
    Feature record: CXX_FEATURE:1cxx_sizeof_member
    Feature record: CXX_FEATURE:1cxx_static_assert
    Feature record: CXX_FEATURE:1cxx_strong_enums
    Feature record: CXX_FEATURE:1cxx_template_template_parameters
    Feature record: CXX_FEATURE:1cxx_thread_local
    Feature record: CXX_FEATURE:1cxx_trailing_return_types
    Feature record: CXX_FEATURE:1cxx_unicode_literals
    Feature record: CXX_FEATURE:1cxx_uniform_initialization
    Feature record: CXX_FEATURE:1cxx_unrestricted_unions
    Feature record: CXX_FEATURE:1cxx_user_literals
    Feature record: CXX_FEATURE:1cxx_variable_templates
    Feature record: CXX_FEATURE:1cxx_variadic_macros
    Feature record: CXX_FEATURE:1cxx_variadic_templates


Detecting CXX [-std=c++11] compiler features compiled with the following output:
Change Dir: /work/05780/everett/stampede2/JETSCAPE-COMP-TEST-EBE/external_packages/iS3D/generate_delta_f_coefficients/smash_box/df_vh_dimensionless/build/CMakeFiles/CMakeTmp

Run Build Command:"/bin/gmake" "cmTC_b2fce/fast"
/bin/gmake -f CMakeFiles/cmTC_b2fce.dir/build.make CMakeFiles/cmTC_b2fce.dir/build
gmake[1]: Entering directory `/work/05780/everett/stampede2/JETSCAPE-COMP-TEST-EBE/external_packages/iS3D/generate_delta_f_coefficients/smash_box/df_vh_dimensionless/build/CMakeFiles/CMakeTmp'
Building CXX object CMakeFiles/cmTC_b2fce.dir/feature_tests.cxx.o
/opt/intel/compilers_and_libraries_2018.2.199/linux/bin/intel64/icpc     -std=c++11 -o CMakeFiles/cmTC_b2fce.dir/feature_tests.cxx.o -c /work/05780/everett/stampede2/JETSCAPE-COMP-TEST-EBE/external_packages/iS3D/generate_delta_f_coefficients/smash_box/df_vh_dimensionless/build/CMakeFiles/feature_tests.cxx
Linking CXX executable cmTC_b2fce
/opt/apps/cmake/3.7.1/bin/cmake -E cmake_link_script CMakeFiles/cmTC_b2fce.dir/link.txt --verbose=1
/opt/intel/compilers_and_libraries_2018.2.199/linux/bin/intel64/icpc        CMakeFiles/cmTC_b2fce.dir/feature_tests.cxx.o  -o cmTC_b2fce -rdynamic 
gmake[1]: Leaving directory `/work/05780/everett/stampede2/JETSCAPE-COMP-TEST-EBE/external_packages/iS3D/generate_delta_f_coefficients/smash_box/df_vh_dimensionless/build/CMakeFiles/CMakeTmp'


    Feature record: CXX_FEATURE:0cxx_aggregate_default_initializers
    Feature record: CXX_FEATURE:1cxx_alias_templates
    Feature record: CXX_FEATURE:1cxx_alignas
    Feature record: CXX_FEATURE:1cxx_alignof
    Feature record: CXX_FEATURE:1cxx_attributes
    Feature record: CXX_FEATURE:0cxx_attribute_deprecated
    Feature record: CXX_FEATURE:1cxx_auto_type
    Feature record: CXX_FEATURE:1cxx_binary_literals
    Feature record: CXX_FEATURE:1cxx_constexpr
    Feature record: CXX_FEATURE:0cxx_contextual_conversions
    Feature record: CXX_FEATURE:1cxx_decltype
    Feature record: CXX_FEATURE:0cxx_decltype_auto
    Feature record: CXX_FEATURE:1cxx_decltype_incomplete_return_types
    Feature record: CXX_FEATURE:1cxx_default_function_template_args
    Feature record: CXX_FEATURE:1cxx_defaulted_functions
    Feature record: CXX_FEATURE:1cxx_defaulted_move_initializers
    Feature record: CXX_FEATURE:1cxx_delegating_constructors
    Feature record: CXX_FEATURE:1cxx_deleted_functions
    Feature record: CXX_FEATURE:0cxx_digit_separators
    Feature record: CXX_FEATURE:1cxx_enum_forward_declarations
    Feature record: CXX_FEATURE:1cxx_explicit_conversions
    Feature record: CXX_FEATURE:1cxx_extended_friend_declarations
    Feature record: CXX_FEATURE:1cxx_extern_templates
    Feature record: CXX_FEATURE:1cxx_final
    Feature record: CXX_FEATURE:1cxx_func_identifier
    Feature record: CXX_FEATURE:0cxx_generic_lambdas
    Feature record: CXX_FEATURE:1cxx_inheriting_constructors
    Feature record: CXX_FEATURE:1cxx_inline_namespaces
    Feature record: CXX_FEATURE:1cxx_lambdas
    Feature record: CXX_FEATURE:0cxx_lambda_init_captures
    Feature record: CXX_FEATURE:1cxx_local_type_template_args
    Feature record: CXX_FEATURE:1cxx_long_long_type
    Feature record: CXX_FEATURE:1cxx_noexcept
    Feature record: CXX_FEATURE:1cxx_nonstatic_member_init
    Feature record: CXX_FEATURE:1cxx_nullptr
    Feature record: CXX_FEATURE:1cxx_override
    Feature record: CXX_FEATURE:1cxx_range_for
    Feature record: CXX_FEATURE:1cxx_raw_string_literals
    Feature record: CXX_FEATURE:1cxx_reference_qualified_functions
    Feature record: CXX_FEATURE:0cxx_relaxed_constexpr
    Feature record: CXX_FEATURE:0cxx_return_type_deduction
    Feature record: CXX_FEATURE:1cxx_right_angle_brackets
    Feature record: CXX_FEATURE:1cxx_rvalue_references
    Feature record: CXX_FEATURE:1cxx_sizeof_member
    Feature record: CXX_FEATURE:1cxx_static_assert
    Feature record: CXX_FEATURE:1cxx_strong_enums
    Feature record: CXX_FEATURE:1cxx_template_template_parameters
    Feature record: CXX_FEATURE:1cxx_thread_local
    Feature record: CXX_FEATURE:1cxx_trailing_return_types
    Feature record: CXX_FEATURE:1cxx_unicode_literals
    Feature record: CXX_FEATURE:1cxx_uniform_initialization
    Feature record: CXX_FEATURE:1cxx_unrestricted_unions
    Feature record: CXX_FEATURE:1cxx_user_literals
    Feature record: CXX_FEATURE:0cxx_variable_templates
    Feature record: CXX_FEATURE:1cxx_variadic_macros
    Feature record: CXX_FEATURE:1cxx_variadic_templates


Detecting CXX [-std=c++98] compiler features compiled with the following output:
Change Dir: /work/05780/everett/stampede2/JETSCAPE-COMP-TEST-EBE/external_packages/iS3D/generate_delta_f_coefficients/smash_box/df_vh_dimensionless/build/CMakeFiles/CMakeTmp

Run Build Command:"/bin/gmake" "cmTC_c4e21/fast"
/bin/gmake -f CMakeFiles/cmTC_c4e21.dir/build.make CMakeFiles/cmTC_c4e21.dir/build
gmake[1]: Entering directory `/work/05780/everett/stampede2/JETSCAPE-COMP-TEST-EBE/external_packages/iS3D/generate_delta_f_coefficients/smash_box/df_vh_dimensionless/build/CMakeFiles/CMakeTmp'
Building CXX object CMakeFiles/cmTC_c4e21.dir/feature_tests.cxx.o
/opt/intel/compilers_and_libraries_2018.2.199/linux/bin/intel64/icpc     -std=c++98 -o CMakeFiles/cmTC_c4e21.dir/feature_tests.cxx.o -c /work/05780/everett/stampede2/JETSCAPE-COMP-TEST-EBE/external_packages/iS3D/generate_delta_f_coefficients/smash_box/df_vh_dimensionless/build/CMakeFiles/feature_tests.cxx
Linking CXX executable cmTC_c4e21
/opt/apps/cmake/3.7.1/bin/cmake -E cmake_link_script CMakeFiles/cmTC_c4e21.dir/link.txt --verbose=1
/opt/intel/compilers_and_libraries_2018.2.199/linux/bin/intel64/icpc        CMakeFiles/cmTC_c4e21.dir/feature_tests.cxx.o  -o cmTC_c4e21 -rdynamic 
gmake[1]: Leaving directory `/work/05780/everett/stampede2/JETSCAPE-COMP-TEST-EBE/external_packages/iS3D/generate_delta_f_coefficients/smash_box/df_vh_dimensionless/build/CMakeFiles/CMakeTmp'


    Feature record: CXX_FEATURE:0cxx_aggregate_default_initializers
    Feature record: CXX_FEATURE:0cxx_alias_templates
    Feature record: CXX_FEATURE:0cxx_alignas
    Feature record: CXX_FEATURE:0cxx_alignof
    Feature record: CXX_FEATURE:0cxx_attributes
    Feature record: CXX_FEATURE:0cxx_attribute_deprecated
    Feature record: CXX_FEATURE:0cxx_auto_type
    Feature record: CXX_FEATURE:0cxx_binary_literals
    Feature record: CXX_FEATURE:0cxx_constexpr
    Feature record: CXX_FEATURE:0cxx_contextual_conversions
    Feature record: CXX_FEATURE:0cxx_decltype
    Feature record: CXX_FEATURE:0cxx_decltype_auto
    Feature record: CXX_FEATURE:0cxx_decltype_incomplete_return_types
    Feature record: CXX_FEATURE:0cxx_default_function_template_args
    Feature record: CXX_FEATURE:0cxx_defaulted_functions
    Feature record: CXX_FEATURE:0cxx_defaulted_move_initializers
    Feature record: CXX_FEATURE:0cxx_delegating_constructors
    Feature record: CXX_FEATURE:0cxx_deleted_functions
    Feature record: CXX_FEATURE:0cxx_digit_separators
    Feature record: CXX_FEATURE:0cxx_enum_forward_declarations
    Feature record: CXX_FEATURE:0cxx_explicit_conversions
    Feature record: CXX_FEATURE:0cxx_extended_friend_declarations
    Feature record: CXX_FEATURE:0cxx_extern_templates
    Feature record: CXX_FEATURE:0cxx_final
    Feature record: CXX_FEATURE:0cxx_func_identifier
    Feature record: CXX_FEATURE:0cxx_generic_lambdas
    Feature record: CXX_FEATURE:0cxx_inheriting_constructors
    Feature record: CXX_FEATURE:0cxx_inline_namespaces
    Feature record: CXX_FEATURE:0cxx_lambdas
    Feature record: CXX_FEATURE:0cxx_lambda_init_captures
    Feature record: CXX_FEATURE:0cxx_local_type_template_args
    Feature record: CXX_FEATURE:0cxx_long_long_type
    Feature record: CXX_FEATURE:0cxx_noexcept
    Feature record: CXX_FEATURE:0cxx_nonstatic_member_init
    Feature record: CXX_FEATURE:0cxx_nullptr
    Feature record: CXX_FEATURE:0cxx_override
    Feature record: CXX_FEATURE:0cxx_range_for
    Feature record: CXX_FEATURE:0cxx_raw_string_literals
    Feature record: CXX_FEATURE:0cxx_reference_qualified_functions
    Feature record: CXX_FEATURE:0cxx_relaxed_constexpr
    Feature record: CXX_FEATURE:0cxx_return_type_deduction
    Feature record: CXX_FEATURE:0cxx_right_angle_brackets
    Feature record: CXX_FEATURE:0cxx_rvalue_references
    Feature record: CXX_FEATURE:0cxx_sizeof_member
    Feature record: CXX_FEATURE:0cxx_static_assert
    Feature record: CXX_FEATURE:0cxx_strong_enums
    Feature record: CXX_FEATURE:0cxx_template_template_parameters
    Feature record: CXX_FEATURE:0cxx_thread_local
    Feature record: CXX_FEATURE:0cxx_trailing_return_types
    Feature record: CXX_FEATURE:0cxx_unicode_literals
    Feature record: CXX_FEATURE:0cxx_uniform_initialization
    Feature record: CXX_FEATURE:0cxx_unrestricted_unions
    Feature record: CXX_FEATURE:0cxx_user_literals
    Feature record: CXX_FEATURE:0cxx_variable_templates
    Feature record: CXX_FEATURE:0cxx_variadic_macros
    Feature record: CXX_FEATURE:0cxx_variadic_templates
